Analysis & Synthesis report for ReactionGame
Sun Jun  2 15:50:16 2024
Quartus Prime Version 22.1std.2 Build 922 07/20/2023 SC Lite Edition


---------------------
; Table of Contents ;
---------------------
  1. Legal Notice
  2. Analysis & Synthesis Summary
  3. Analysis & Synthesis Settings
  4. Parallel Compilation
  5. Analysis & Synthesis Source Files Read
  6. Analysis & Synthesis Resource Usage Summary
  7. Analysis & Synthesis Resource Utilization by Entity
  8. General Register Statistics
  9. Multiplexer Restructuring Statistics (Restructuring Performed)
 10. Parameter Settings for User Entity Instance: Top-level Entity: |CounterNBits
 11. Post-Synthesis Netlist Statistics for Top Partition
 12. Elapsed Time Per Partition
 13. Analysis & Synthesis Messages



----------------
; Legal Notice ;
----------------
Copyright (C) 2023  Intel Corporation. All rights reserved.
Your use of Intel Corporation's design tools, logic functions 
and other software and tools, and any partner logic 
functions, and any output files from any of the foregoing 
(including device programming or simulation files), and any 
associated documentation or information are expressly subject 
to the terms and conditions of the Intel Program License 
Subscription Agreement, the Intel Quartus Prime License Agreement,
the Intel FPGA IP License Agreement, or other applicable license
agreement, including, without limitation, that your use is for
the sole purpose of programming logic devices manufactured by
Intel and sold by Intel or its authorized distributors.  Please
refer to the applicable agreement for further details, at
https://fpgasoftware.intel.com/eula.



+-------------------------------------------------------------------------------------+
; Analysis & Synthesis Summary                                                        ;
+------------------------------------+------------------------------------------------+
; Analysis & Synthesis Status        ; Successful - Sun Jun  2 15:50:16 2024          ;
; Quartus Prime Version              ; 22.1std.2 Build 922 07/20/2023 SC Lite Edition ;
; Revision Name                      ; ReactionGame                                   ;
; Top-level Entity Name              ; CounterNBits                                   ;
; Family                             ; Cyclone IV E                                   ;
; Total logic elements               ; 9                                              ;
;     Total combinational functions  ; 9                                              ;
;     Dedicated logic registers      ; 5                                              ;
; Total registers                    ; 5                                              ;
; Total pins                         ; 9                                              ;
; Total virtual pins                 ; 0                                              ;
; Total memory bits                  ; 0                                              ;
; Embedded Multiplier 9-bit elements ; 0                                              ;
; Total PLLs                         ; 0                                              ;
+------------------------------------+------------------------------------------------+


+------------------------------------------------------------------------------------------------------------+
; Analysis & Synthesis Settings                                                                              ;
+------------------------------------------------------------------+--------------------+--------------------+
; Option                                                           ; Setting            ; Default Value      ;
+------------------------------------------------------------------+--------------------+--------------------+
; Device                                                           ; EP4CE115F29C7      ;                    ;
; Top-level entity name                                            ; CounterNBits       ; ReactionGame       ;
; Family name                                                      ; Cyclone IV E       ; Cyclone V          ;
; Use smart compilation                                            ; Off                ; Off                ;
; Enable parallel Assembler and Timing Analyzer during compilation ; On                 ; On                 ;
; Enable compact report table                                      ; Off                ; Off                ;
; Restructure Multiplexers                                         ; Auto               ; Auto               ;
; Create Debugging Nodes for IP Cores                              ; Off                ; Off                ;
; Preserve fewer node names                                        ; On                 ; On                 ;
; Intel FPGA IP Evaluation Mode                                    ; Enable             ; Enable             ;
; Verilog Version                                                  ; Verilog_2001       ; Verilog_2001       ;
; VHDL Version                                                     ; VHDL_1993          ; VHDL_1993          ;
; State Machine Processing                                         ; Auto               ; Auto               ;
; Safe State Machine                                               ; Off                ; Off                ;
; Extract Verilog State Machines                                   ; On                 ; On                 ;
; Extract VHDL State Machines                                      ; On                 ; On                 ;
; Ignore Verilog initial constructs                                ; Off                ; Off                ;
; Iteration limit for constant Verilog loops                       ; 5000               ; 5000               ;
; Iteration limit for non-constant Verilog loops                   ; 250                ; 250                ;
; Add Pass-Through Logic to Inferred RAMs                          ; On                 ; On                 ;
; Infer RAMs from Raw Logic                                        ; On                 ; On                 ;
; Parallel Synthesis                                               ; On                 ; On                 ;
; DSP Block Balancing                                              ; Auto               ; Auto               ;
; NOT Gate Push-Back                                               ; On                 ; On                 ;
; Power-Up Don't Care                                              ; On                 ; On                 ;
; Remove Redundant Logic Cells                                     ; Off                ; Off                ;
; Remove Duplicate Registers                                       ; On                 ; On                 ;
; Ignore CARRY Buffers                                             ; Off                ; Off                ;
; Ignore CASCADE Buffers                                           ; Off                ; Off                ;
; Ignore GLOBAL Buffers                                            ; Off                ; Off                ;
; Ignore ROW GLOBAL Buffers                                        ; Off                ; Off                ;
; Ignore LCELL Buffers                                             ; Off                ; Off                ;
; Ignore SOFT Buffers                                              ; On                 ; On                 ;
; Limit AHDL Integers to 32 Bits                                   ; Off                ; Off                ;
; Optimization Technique                                           ; Balanced           ; Balanced           ;
; Carry Chain Length                                               ; 70                 ; 70                 ;
; Auto Carry Chains                                                ; On                 ; On                 ;
; Auto Open-Drain Pins                                             ; On                 ; On                 ;
; Perform WYSIWYG Primitive Resynthesis                            ; Off                ; Off                ;
; Auto ROM Replacement                                             ; On                 ; On                 ;
; Auto RAM Replacement                                             ; On                 ; On                 ;
; Auto DSP Block Replacement                                       ; On                 ; On                 ;
; Auto Shift Register Replacement                                  ; Auto               ; Auto               ;
; Allow Shift Register Merging across Hierarchies                  ; Auto               ; Auto               ;
; Auto Clock Enable Replacement                                    ; On                 ; On                 ;
; Strict RAM Replacement                                           ; Off                ; Off                ;
; Allow Synchronous Control Signals                                ; On                 ; On                 ;
; Force Use of Synchronous Clear Signals                           ; Off                ; Off                ;
; Auto RAM Block Balancing                                         ; On                 ; On                 ;
; Auto RAM to Logic Cell Conversion                                ; Off                ; Off                ;
; Auto Resource Sharing                                            ; Off                ; Off                ;
; Allow Any RAM Size For Recognition                               ; Off                ; Off                ;
; Allow Any ROM Size For Recognition                               ; Off                ; Off                ;
; Allow Any Shift Register Size For Recognition                    ; Off                ; Off                ;
; Use LogicLock Constraints during Resource Balancing              ; On                 ; On                 ;
; Ignore translate_off and synthesis_off directives                ; Off                ; Off                ;
; Timing-Driven Synthesis                                          ; On                 ; On                 ;
; Report Parameter Settings                                        ; On                 ; On                 ;
; Report Source Assignments                                        ; On                 ; On                 ;
; Report Connectivity Checks                                       ; On                 ; On                 ;
; Ignore Maximum Fan-Out Assignments                               ; Off                ; Off                ;
; Synchronization Register Chain Length                            ; 2                  ; 2                  ;
; Power Optimization During Synthesis                              ; Normal compilation ; Normal compilation ;
; HDL message level                                                ; Level2             ; Level2             ;
; Suppress Register Optimization Related Messages                  ; Off                ; Off                ;
; Number of Removed Registers Reported in Synthesis Report         ; 5000               ; 5000               ;
; Number of Swept Nodes Reported in Synthesis Report               ; 5000               ; 5000               ;
; Number of Inverted Registers Reported in Synthesis Report        ; 100                ; 100                ;
; Clock MUX Protection                                             ; On                 ; On                 ;
; Auto Gated Clock Conversion                                      ; Off                ; Off                ;
; Block Design Naming                                              ; Auto               ; Auto               ;
; SDC constraint protection                                        ; Off                ; Off                ;
; Synthesis Effort                                                 ; Auto               ; Auto               ;
; Shift Register Replacement - Allow Asynchronous Clear Signal     ; On                 ; On                 ;
; Pre-Mapping Resynthesis Optimization                             ; Off                ; Off                ;
; Analysis & Synthesis Message Level                               ; Medium             ; Medium             ;
; Disable Register Merging Across Hierarchies                      ; Auto               ; Auto               ;
; Resource Aware Inference For Block RAM                           ; On                 ; On                 ;
+------------------------------------------------------------------+--------------------+--------------------+


+------------------------------------------+
; Parallel Compilation                     ;
+----------------------------+-------------+
; Processors                 ; Number      ;
+----------------------------+-------------+
; Number detected on machine ; 8           ;
; Maximum allowed            ; 4           ;
;                            ;             ;
; Average used               ; 1.00        ;
; Maximum used               ; 4           ;
;                            ;             ;
; Usage by Processor         ; % Time Used ;
;     Processor 1            ; 100.0%      ;
;     Processor 2            ;   0.0%      ;
;     Processors 3-4         ;   0.0%      ;
+----------------------------+-------------+


+---------------------------------------------------------------------------------------------------------------------------------------------+
; Analysis & Synthesis Source Files Read                                                                                                      ;
+----------------------------------+-----------------+-----------------+------------------------------------------------------------+---------+
; File Name with User-Entered Path ; Used in Netlist ; File Type       ; File Name with Absolute Path                               ; Library ;
+----------------------------------+-----------------+-----------------+------------------------------------------------------------+---------+
; CounterNBits.vhd                 ; yes             ; User VHDL File  ; /home/penacho/LSD/LSD-final-project/Fase7/CounterNBits.vhd ;         ;
+----------------------------------+-----------------+-----------------+------------------------------------------------------------+---------+


+------------------------------------------------------------+
; Analysis & Synthesis Resource Usage Summary                ;
+---------------------------------------------+--------------+
; Resource                                    ; Usage        ;
+---------------------------------------------+--------------+
; Estimated Total logic elements              ; 9            ;
;                                             ;              ;
; Total combinational functions               ; 9            ;
; Logic element usage by number of LUT inputs ;              ;
;     -- 4 input functions                    ; 3            ;
;     -- 3 input functions                    ; 5            ;
;     -- <=2 input functions                  ; 1            ;
;                                             ;              ;
; Logic elements by mode                      ;              ;
;     -- normal mode                          ; 9            ;
;     -- arithmetic mode                      ; 0            ;
;                                             ;              ;
; Total registers                             ; 5            ;
;     -- Dedicated logic registers            ; 5            ;
;     -- I/O registers                        ; 0            ;
;                                             ;              ;
; I/O pins                                    ; 9            ;
;                                             ;              ;
; Embedded Multiplier 9-bit elements          ; 0            ;
;                                             ;              ;
; Maximum fan-out node                        ; cnt_value[0] ;
; Maximum fan-out                             ; 8            ;
; Total fan-out                               ; 58           ;
; Average fan-out                             ; 1.81         ;
+---------------------------------------------+--------------+


+-----------------------------------------------------------------------------------------------------------------------------------------------------------------------------------------------------------+
; Analysis & Synthesis Resource Utilization by Entity                                                                                                                                                       ;
+----------------------------+---------------------+---------------------------+-------------+--------------+---------+-----------+------+--------------+---------------------+--------------+--------------+
; Compilation Hierarchy Node ; Combinational ALUTs ; Dedicated Logic Registers ; Memory Bits ; DSP Elements ; DSP 9x9 ; DSP 18x18 ; Pins ; Virtual Pins ; Full Hierarchy Name ; Entity Name  ; Library Name ;
+----------------------------+---------------------+---------------------------+-------------+--------------+---------+-----------+------+--------------+---------------------+--------------+--------------+
; |CounterNBits              ; 9 (9)               ; 5 (5)                     ; 0           ; 0            ; 0       ; 0         ; 9    ; 0            ; |CounterNBits       ; CounterNBits ; work         ;
+----------------------------+---------------------+---------------------------+-------------+--------------+---------+-----------+------+--------------+---------------------+--------------+--------------+
Note: For table entries with two numbers listed, the numbers in parentheses indicate the number of resources of the given type used by the specific entity alone. The numbers listed outside of parentheses indicate the total resources of the given type used by the specific entity and all of its sub-entities in the hierarchy.


+------------------------------------------------------+
; General Register Statistics                          ;
+----------------------------------------------+-------+
; Statistic                                    ; Value ;
+----------------------------------------------+-------+
; Total registers                              ; 5     ;
; Number of registers using Synchronous Clear  ; 0     ;
; Number of registers using Synchronous Load   ; 0     ;
; Number of registers using Asynchronous Clear ; 0     ;
; Number of registers using Asynchronous Load  ; 0     ;
; Number of registers using Clock Enable       ; 5     ;
; Number of registers using Preset             ; 0     ;
+----------------------------------------------+-------+


+------------------------------------------------------------------------------------------------------------------------------------------+
; Multiplexer Restructuring Statistics (Restructuring Performed)                                                                           ;
+--------------------+-----------+---------------+----------------------+------------------------+------------+----------------------------+
; Multiplexer Inputs ; Bus Width ; Baseline Area ; Area if Restructured ; Saving if Restructured ; Registered ; Example Multiplexer Output ;
+--------------------+-----------+---------------+----------------------+------------------------+------------+----------------------------+
; 4:1                ; 5 bits    ; 10 LEs        ; 5 LEs                ; 5 LEs                  ; Yes        ; |CounterNBits|cnt_value[0] ;
+--------------------+-----------+---------------+----------------------+------------------------+------------+----------------------------+


+------------------------------------------------------------------------------+
; Parameter Settings for User Entity Instance: Top-level Entity: |CounterNBits ;
+----------------+-------+-----------------------------------------------------+
; Parameter Name ; Value ; Type                                                ;
+----------------+-------+-----------------------------------------------------+
; N              ; 4     ; Signed Integer                                      ;
; MIN            ; 0     ; Signed Integer                                      ;
; MAX            ; 15    ; Signed Integer                                      ;
; START          ; 0     ; Signed Integer                                      ;
+----------------+-------+-----------------------------------------------------+
Note: In order to hide this table in the UI and the text report file, please set the "Show Parameter Settings in Synthesis Report" option in "Analysis and Synthesis Settings -> More Settings" to "Off".


+-----------------------------------------------------+
; Post-Synthesis Netlist Statistics for Top Partition ;
+-----------------------+-----------------------------+
; Type                  ; Count                       ;
+-----------------------+-----------------------------+
; boundary_port         ; 9                           ;
; cycloneiii_ff         ; 5                           ;
;     ENA               ; 5                           ;
; cycloneiii_lcell_comb ; 9                           ;
;     normal            ; 9                           ;
;         2 data inputs ; 1                           ;
;         3 data inputs ; 5                           ;
;         4 data inputs ; 3                           ;
;                       ;                             ;
; Max LUT depth         ; 2.00                        ;
; Average LUT depth     ; 1.44                        ;
+-----------------------+-----------------------------+


+-------------------------------+
; Elapsed Time Per Partition    ;
+----------------+--------------+
; Partition Name ; Elapsed Time ;
+----------------+--------------+
; Top            ; 00:00:00     ;
+----------------+--------------+


+-------------------------------+
; Analysis & Synthesis Messages ;
+-------------------------------+
Info: *******************************************************************
Info: Running Quartus Prime Analysis & Synthesis
    Info: Version 22.1std.2 Build 922 07/20/2023 SC Lite Edition
    Info: Processing started: Sun Jun  2 15:50:10 2024
Info: Command: quartus_map --read_settings_files=on --write_settings_files=off ReactionGame -c ReactionGame
Warning (18236): Number of processors has not been specified which may cause overloading on shared machines.  Set the global assignment NUM_PARALLEL_PROCESSORS in your QSF to an appropriate value for best performance.
Info (20030): Parallel compilation is enabled and will use 4 of the 4 processors detected
Info (12021): Found 2 design units, including 1 entities, in source file SystemFSM.vhd
    Info (12022): Found design unit 1: SystemFSM-Behavioral File: /home/penacho/LSD/LSD-final-project/Fase7/SystemFSM.vhd Line: 19
    Info (12023): Found entity 1: SystemFSM File: /home/penacho/LSD/LSD-final-project/Fase7/SystemFSM.vhd Line: 4
Info (12021): Found 2 design units, including 1 entities, in source file TimerAuxFSM.vhd
    Info (12022): Found design unit 1: TimerAuxFSM-Behavioral File: /home/penacho/LSD/LSD-final-project/Fase7/TimerAuxFSM.vhd Line: 14
    Info (12023): Found entity 1: TimerAuxFSM File: /home/penacho/LSD/LSD-final-project/Fase7/TimerAuxFSM.vhd Line: 5
Info (12021): Found 2 design units, including 1 entities, in source file ReactionGame_Demo.vhd
    Info (12022): Found design unit 1: ReactionGame_Demo-Structural File: /home/penacho/LSD/LSD-final-project/Fase7/ReactionGame_Demo.vhd Line: 22
    Info (12023): Found entity 1: ReactionGame_Demo File: /home/penacho/LSD/LSD-final-project/Fase7/ReactionGame_Demo.vhd Line: 4
Info (12021): Found 2 design units, including 1 entities, in source file Debouncer.vhd
    Info (12022): Found design unit 1: Debouncer-Behavioral File: /home/penacho/LSD/LSD-final-project/Fase7/Debouncer.vhd Line: 15
    Info (12023): Found entity 1: Debouncer File: /home/penacho/LSD/LSD-final-project/Fase7/Debouncer.vhd Line: 5
Info (12021): Found 1 design units, including 1 entities, in source file top_level_schematic.bdf
    Info (12023): Found entity 1: top_level_schematic
Info (12021): Found 2 design units, including 1 entities, in source file SingleTurnFSM.vhd
    Info (12022): Found design unit 1: SingleTurnFSM-Behavioral File: /home/penacho/LSD/LSD-final-project/Fase7/SingleTurnFSM.vhd Line: 24
    Info (12023): Found entity 1: SingleTurnFSM File: /home/penacho/LSD/LSD-final-project/Fase7/SingleTurnFSM.vhd Line: 4
Info (12021): Found 2 design units, including 1 entities, in source file CounterNBits.vhd
    Info (12022): Found design unit 1: CounterNBits-Behavioral File: /home/penacho/LSD/LSD-final-project/Fase7/CounterNBits.vhd Line: 22
    Info (12023): Found entity 1: CounterNBits File: /home/penacho/LSD/LSD-final-project/Fase7/CounterNBits.vhd Line: 5
Info (12021): Found 2 design units, including 1 entities, in source file ConfigurationUnit.vhd
    Info (12022): Found design unit 1: ConfigurationUnit-Structural File: /home/penacho/LSD/LSD-final-project/Fase7/ConfigurationUnit.vhd Line: 20
    Info (12023): Found entity 1: ConfigurationUnit File: /home/penacho/LSD/LSD-final-project/Fase7/ConfigurationUnit.vhd Line: 4
Info (12021): Found 2 design units, including 1 entities, in source file PulseGen.vhd
    Info (12022): Found design unit 1: PulseGen-Behavioral File: /home/penacho/LSD/LSD-final-project/Fase7/PulseGen.vhd Line: 13
    Info (12023): Found entity 1: PulseGen File: /home/penacho/LSD/LSD-final-project/Fase7/PulseGen.vhd Line: 5
Info (12021): Found 2 design units, including 1 entities, in source file BlinkGen.vhd
    Info (12022): Found design unit 1: BlinkGen-Behavioral File: /home/penacho/LSD/LSD-final-project/Fase7/BlinkGen.vhd Line: 13
    Info (12023): Found entity 1: BlinkGen File: /home/penacho/LSD/LSD-final-project/Fase7/BlinkGen.vhd Line: 5
Info (12021): Found 2 design units, including 1 entities, in source file ScoreDisplay.vhd
    Info (12022): Found design unit 1: ScoreDisplay-Structural File: /home/penacho/LSD/LSD-final-project/Fase7/ScoreDisplay.vhd Line: 14
    Info (12023): Found entity 1: ScoreDisplay File: /home/penacho/LSD/LSD-final-project/Fase7/ScoreDisplay.vhd Line: 6
Info (12021): Found 2 design units, including 1 entities, in source file Bin7SegDecoder.vhd
    Info (12022): Found design unit 1: Bin7SegDecoder-Behavioral File: /home/penacho/LSD/LSD-final-project/Fase7/Bin7SegDecoder.vhd Line: 10
    Info (12023): Found entity 1: Bin7SegDecoder File: /home/penacho/LSD/LSD-final-project/Fase7/Bin7SegDecoder.vhd Line: 4
Info (12021): Found 2 design units, including 1 entities, in source file Bin2BCD.vhd
    Info (12022): Found design unit 1: Bin2BCD-Behavioral File: /home/penacho/LSD/LSD-final-project/Fase7/Bin2BCD.vhd Line: 13
    Info (12023): Found entity 1: Bin2BCD File: /home/penacho/LSD/LSD-final-project/Fase7/Bin2BCD.vhd Line: 5
Info (12021): Found 2 design units, including 1 entities, in source file GameUnit.vhd
    Info (12022): Found design unit 1: GameUnit-Structural File: /home/penacho/LSD/LSD-final-project/Fase7/GameUnit.vhd Line: 23
    Info (12023): Found entity 1: GameUnit File: /home/penacho/LSD/LSD-final-project/Fase7/GameUnit.vhd Line: 4
Info (12021): Found 2 design units, including 1 entities, in source file ScoreCounter.vhd
    Info (12022): Found design unit 1: ScoreCounter-Behavioral File: /home/penacho/LSD/LSD-final-project/Fase7/ScoreCounter.vhd Line: 16
    Info (12023): Found entity 1: ScoreCounter File: /home/penacho/LSD/LSD-final-project/Fase7/ScoreCounter.vhd Line: 5
Info (12021): Found 2 design units, including 1 entities, in source file ScoreUnit.vhd
    Info (12022): Found design unit 1: ScoreUnit-Structural File: /home/penacho/LSD/LSD-final-project/Fase7/ScoreUnit.vhd Line: 24
    Info (12023): Found entity 1: ScoreUnit File: /home/penacho/LSD/LSD-final-project/Fase7/ScoreUnit.vhd Line: 4
Info (12021): Found 2 design units, including 1 entities, in source file ScoreCounter_tb.vhd
    Info (12022): Found design unit 1: ScoreCounter_tb-Stimulus File: /home/penacho/LSD/LSD-final-project/Fase7/ScoreCounter_tb.vhd Line: 7
    Info (12023): Found entity 1: ScoreCounter_tb File: /home/penacho/LSD/LSD-final-project/Fase7/ScoreCounter_tb.vhd Line: 4
Info (12021): Found 2 design units, including 1 entities, in source file RotateShiftUnit.vhd
    Info (12022): Found design unit 1: RotateShiftUnit-Behavioral File: /home/penacho/LSD/LSD-final-project/Fase7/RotateShiftUnit.vhd Line: 16
    Info (12023): Found entity 1: RotateShiftUnit File: /home/penacho/LSD/LSD-final-project/Fase7/RotateShiftUnit.vhd Line: 4
Info (12021): Found 2 design units, including 1 entities, in source file RotateShiftUnit_tb.vhd
    Info (12022): Found design unit 1: RotateShiftUnit_tb-Stimulus File: /home/penacho/LSD/LSD-final-project/Fase7/RotateShiftUnit_tb.vhd Line: 7
    Info (12023): Found entity 1: RotateShiftUnit_tb File: /home/penacho/LSD/LSD-final-project/Fase7/RotateShiftUnit_tb.vhd Line: 4
Info (12021): Found 2 design units, including 1 entities, in source file Bin2BCD_tb.vhd
    Info (12022): Found design unit 1: Bin2BCD_tb-Stimulus File: /home/penacho/LSD/LSD-final-project/Fase7/Bin2BCD_tb.vhd Line: 7
    Info (12023): Found entity 1: Bin2BCD_tb File: /home/penacho/LSD/LSD-final-project/Fase7/Bin2BCD_tb.vhd Line: 4
Info (12021): Found 2 design units, including 1 entities, in source file BlinkGen_tb.vhd
    Info (12022): Found design unit 1: BlinkGen_tb-Stimulus File: /home/penacho/LSD/LSD-final-project/Fase7/BlinkGen_tb.vhd Line: 7
    Info (12023): Found entity 1: BlinkGen_tb File: /home/penacho/LSD/LSD-final-project/Fase7/BlinkGen_tb.vhd Line: 4
Info (12021): Found 2 design units, including 1 entities, in source file PulseGen_tb.vhd
    Info (12022): Found design unit 1: PulseGen_tb-Stimulus File: /home/penacho/LSD/LSD-final-project/Fase7/PulseGen_tb.vhd Line: 7
    Info (12023): Found entity 1: PulseGen_tb File: /home/penacho/LSD/LSD-final-project/Fase7/PulseGen_tb.vhd Line: 4
Info (12021): Found 2 design units, including 1 entities, in source file CounterNBits_tb.vhd
    Info (12022): Found design unit 1: CounterNBits_tb-Stimulus File: /home/penacho/LSD/LSD-final-project/Fase7/CounterNBits_tb.vhd Line: 7
    Info (12023): Found entity 1: CounterNBits_tb File: /home/penacho/LSD/LSD-final-project/Fase7/CounterNBits_tb.vhd Line: 4
Info (12127): Elaborating entity "CounterNBits" for the top level hierarchy
Info (286030): Timing-Driven Synthesis is running
Info (16010): Generating hard_block partition "hard_block:auto_generated_inst"
    Info (16011): Adding 0 node(s), including 0 DDIO, 0 PLL, 0 transceiver and 0 LCELL
Info (21057): Implemented 18 device resources after synthesis - the final resource count might be different
    Info (21058): Implemented 4 input pins
    Info (21059): Implemented 5 output pins
    Info (21061): Implemented 9 logic cells
Info: Quartus Prime Analysis & Synthesis was successful. 0 errors, 1 warning
    Info: Peak virtual memory: 456 megabytes
    Info: Processing ended: Sun Jun  2 15:50:16 2024
    Info: Elapsed time: 00:00:06
    Info: Total CPU time (on all processors): 00:00:16


