Analysis & Synthesis report for ReactionGame
Sun May 19 18:27:36 2024
Quartus Prime Version 22.1std.2 Build 922 07/20/2023 SC Lite Edition


---------------------
; Table of Contents ;
---------------------
  1. Legal Notice
  2. Analysis & Synthesis Summary
  3. Analysis & Synthesis Settings
  4. Parallel Compilation
  5. Analysis & Synthesis Source Files Read
  6. Analysis & Synthesis Resource Usage Summary
  7. Analysis & Synthesis Resource Utilization by Entity
  8. State Machine - |ReactionGame|SingleTurnFSM:turn_fsm|pState
  9. Registers Removed During Synthesis
 10. General Register Statistics
 11. Inverted Register Statistics
 12. Multiplexer Restructuring Statistics (Restructuring Performed)
 13. Parameter Settings for User Entity Instance: PulseGen:pulse_1000hz
 14. Parameter Settings for User Entity Instance: CounterNBits:rand_counter
 15. Parameter Settings for User Entity Instance: CounterNBits:chronometer
 16. Port Connectivity Checks: "CounterNBits:rand_counter"
 17. Post-Synthesis Netlist Statistics for Top Partition
 18. Elapsed Time Per Partition
 19. Analysis & Synthesis Messages



----------------
; Legal Notice ;
----------------
Copyright (C) 2023  Intel Corporation. All rights reserved.
Your use of Intel Corporation's design tools, logic functions 
and other software and tools, and any partner logic 
functions, and any output files from any of the foregoing 
(including device programming or simulation files), and any 
associated documentation or information are expressly subject 
to the terms and conditions of the Intel Program License 
Subscription Agreement, the Intel Quartus Prime License Agreement,
the Intel FPGA IP License Agreement, or other applicable license
agreement, including, without limitation, that your use is for
the sole purpose of programming logic devices manufactured by
Intel and sold by Intel or its authorized distributors.  Please
refer to the applicable agreement for further details, at
https://fpgasoftware.intel.com/eula.



+-------------------------------------------------------------------------------------+
; Analysis & Synthesis Summary                                                        ;
+------------------------------------+------------------------------------------------+
; Analysis & Synthesis Status        ; Successful - Sun May 19 18:27:36 2024          ;
; Quartus Prime Version              ; 22.1std.2 Build 922 07/20/2023 SC Lite Edition ;
; Revision Name                      ; ReactionGame                                   ;
; Top-level Entity Name              ; ReactionGame                                   ;
; Family                             ; Cyclone IV E                                   ;
; Total logic elements               ; 230                                            ;
;     Total combinational functions  ; 230                                            ;
;     Dedicated logic registers      ; 104                                            ;
; Total registers                    ; 104                                            ;
; Total pins                         ; 24                                             ;
; Total virtual pins                 ; 0                                              ;
; Total memory bits                  ; 0                                              ;
; Embedded Multiplier 9-bit elements ; 0                                              ;
; Total PLLs                         ; 0                                              ;
+------------------------------------+------------------------------------------------+


+------------------------------------------------------------------------------------------------------------+
; Analysis & Synthesis Settings                                                                              ;
+------------------------------------------------------------------+--------------------+--------------------+
; Option                                                           ; Setting            ; Default Value      ;
+------------------------------------------------------------------+--------------------+--------------------+
; Device                                                           ; EP4CE115F29C7      ;                    ;
; Top-level entity name                                            ; ReactionGame       ; ReactionGame       ;
; Family name                                                      ; Cyclone IV E       ; Cyclone V          ;
; Use smart compilation                                            ; Off                ; Off                ;
; Enable parallel Assembler and Timing Analyzer during compilation ; On                 ; On                 ;
; Enable compact report table                                      ; Off                ; Off                ;
; Restructure Multiplexers                                         ; Auto               ; Auto               ;
; Create Debugging Nodes for IP Cores                              ; Off                ; Off                ;
; Preserve fewer node names                                        ; On                 ; On                 ;
; Intel FPGA IP Evaluation Mode                                    ; Enable             ; Enable             ;
; Verilog Version                                                  ; Verilog_2001       ; Verilog_2001       ;
; VHDL Version                                                     ; VHDL_1993          ; VHDL_1993          ;
; State Machine Processing                                         ; Auto               ; Auto               ;
; Safe State Machine                                               ; Off                ; Off                ;
; Extract Verilog State Machines                                   ; On                 ; On                 ;
; Extract VHDL State Machines                                      ; On                 ; On                 ;
; Ignore Verilog initial constructs                                ; Off                ; Off                ;
; Iteration limit for constant Verilog loops                       ; 5000               ; 5000               ;
; Iteration limit for non-constant Verilog loops                   ; 250                ; 250                ;
; Add Pass-Through Logic to Inferred RAMs                          ; On                 ; On                 ;
; Infer RAMs from Raw Logic                                        ; On                 ; On                 ;
; Parallel Synthesis                                               ; On                 ; On                 ;
; DSP Block Balancing                                              ; Auto               ; Auto               ;
; NOT Gate Push-Back                                               ; On                 ; On                 ;
; Power-Up Don't Care                                              ; On                 ; On                 ;
; Remove Redundant Logic Cells                                     ; Off                ; Off                ;
; Remove Duplicate Registers                                       ; On                 ; On                 ;
; Ignore CARRY Buffers                                             ; Off                ; Off                ;
; Ignore CASCADE Buffers                                           ; Off                ; Off                ;
; Ignore GLOBAL Buffers                                            ; Off                ; Off                ;
; Ignore ROW GLOBAL Buffers                                        ; Off                ; Off                ;
; Ignore LCELL Buffers                                             ; Off                ; Off                ;
; Ignore SOFT Buffers                                              ; On                 ; On                 ;
; Limit AHDL Integers to 32 Bits                                   ; Off                ; Off                ;
; Optimization Technique                                           ; Balanced           ; Balanced           ;
; Carry Chain Length                                               ; 70                 ; 70                 ;
; Auto Carry Chains                                                ; On                 ; On                 ;
; Auto Open-Drain Pins                                             ; On                 ; On                 ;
; Perform WYSIWYG Primitive Resynthesis                            ; Off                ; Off                ;
; Auto ROM Replacement                                             ; On                 ; On                 ;
; Auto RAM Replacement                                             ; On                 ; On                 ;
; Auto DSP Block Replacement                                       ; On                 ; On                 ;
; Auto Shift Register Replacement                                  ; Auto               ; Auto               ;
; Allow Shift Register Merging across Hierarchies                  ; Auto               ; Auto               ;
; Auto Clock Enable Replacement                                    ; On                 ; On                 ;
; Strict RAM Replacement                                           ; Off                ; Off                ;
; Allow Synchronous Control Signals                                ; On                 ; On                 ;
; Force Use of Synchronous Clear Signals                           ; Off                ; Off                ;
; Auto RAM Block Balancing                                         ; On                 ; On                 ;
; Auto RAM to Logic Cell Conversion                                ; Off                ; Off                ;
; Auto Resource Sharing                                            ; Off                ; Off                ;
; Allow Any RAM Size For Recognition                               ; Off                ; Off                ;
; Allow Any ROM Size For Recognition                               ; Off                ; Off                ;
; Allow Any Shift Register Size For Recognition                    ; Off                ; Off                ;
; Use LogicLock Constraints during Resource Balancing              ; On                 ; On                 ;
; Ignore translate_off and synthesis_off directives                ; Off                ; Off                ;
; Timing-Driven Synthesis                                          ; On                 ; On                 ;
; Report Parameter Settings                                        ; On                 ; On                 ;
; Report Source Assignments                                        ; On                 ; On                 ;
; Report Connectivity Checks                                       ; On                 ; On                 ;
; Ignore Maximum Fan-Out Assignments                               ; Off                ; Off                ;
; Synchronization Register Chain Length                            ; 2                  ; 2                  ;
; Power Optimization During Synthesis                              ; Normal compilation ; Normal compilation ;
; HDL message level                                                ; Level2             ; Level2             ;
; Suppress Register Optimization Related Messages                  ; Off                ; Off                ;
; Number of Removed Registers Reported in Synthesis Report         ; 5000               ; 5000               ;
; Number of Swept Nodes Reported in Synthesis Report               ; 5000               ; 5000               ;
; Number of Inverted Registers Reported in Synthesis Report        ; 100                ; 100                ;
; Clock MUX Protection                                             ; On                 ; On                 ;
; Auto Gated Clock Conversion                                      ; Off                ; Off                ;
; Block Design Naming                                              ; Auto               ; Auto               ;
; SDC constraint protection                                        ; Off                ; Off                ;
; Synthesis Effort                                                 ; Auto               ; Auto               ;
; Shift Register Replacement - Allow Asynchronous Clear Signal     ; On                 ; On                 ;
; Pre-Mapping Resynthesis Optimization                             ; Off                ; Off                ;
; Analysis & Synthesis Message Level                               ; Medium             ; Medium             ;
; Disable Register Merging Across Hierarchies                      ; Auto               ; Auto               ;
; Resource Aware Inference For Block RAM                           ; On                 ; On                 ;
+------------------------------------------------------------------+--------------------+--------------------+


+------------------------------------------+
; Parallel Compilation                     ;
+----------------------------+-------------+
; Processors                 ; Number      ;
+----------------------------+-------------+
; Number detected on machine ; 8           ;
; Maximum allowed            ; 4           ;
;                            ;             ;
; Average used               ; 1.00        ;
; Maximum used               ; 4           ;
;                            ;             ;
; Usage by Processor         ; % Time Used ;
;     Processor 1            ; 100.0%      ;
;     Processor 2            ;   0.0%      ;
;     Processors 3-4         ;   0.0%      ;
+----------------------------+-------------+


+----------------------------------------------------------------------------------------------------------------------------------------------+
; Analysis & Synthesis Source Files Read                                                                                                       ;
+----------------------------------+-----------------+-----------------+-------------------------------------------------------------+---------+
; File Name with User-Entered Path ; Used in Netlist ; File Type       ; File Name with Absolute Path                                ; Library ;
+----------------------------------+-----------------+-----------------+-------------------------------------------------------------+---------+
; SingleTurnFSM.vhd                ; yes             ; User VHDL File  ; /home/penacho/LSD/LSD-final-project/Fase1/SingleTurnFSM.vhd ;         ;
; CounterNBits.vhd                 ; yes             ; User VHDL File  ; /home/penacho/LSD/LSD-final-project/Fase1/CounterNBits.vhd  ;         ;
; ReactionGame.vhd                 ; yes             ; User VHDL File  ; /home/penacho/LSD/LSD-final-project/Fase1/ReactionGame.vhd  ;         ;
; TimerAuxFSM.vhd                  ; yes             ; User VHDL File  ; /home/penacho/LSD/LSD-final-project/Fase1/TimerAuxFSM.vhd   ;         ;
; PulseGen.vhd                     ; yes             ; User VHDL File  ; /home/penacho/LSD/LSD-final-project/Fase1/PulseGen.vhd      ;         ;
+----------------------------------+-----------------+-----------------+-------------------------------------------------------------+---------+


+---------------------------------------------------------+
; Analysis & Synthesis Resource Usage Summary             ;
+---------------------------------------------+-----------+
; Resource                                    ; Usage     ;
+---------------------------------------------+-----------+
; Estimated Total logic elements              ; 230       ;
;                                             ;           ;
; Total combinational functions               ; 230       ;
; Logic element usage by number of LUT inputs ;           ;
;     -- 4 input functions                    ; 96        ;
;     -- 3 input functions                    ; 35        ;
;     -- <=2 input functions                  ; 99        ;
;                                             ;           ;
; Logic elements by mode                      ;           ;
;     -- normal mode                          ; 107       ;
;     -- arithmetic mode                      ; 123       ;
;                                             ;           ;
; Total registers                             ; 104       ;
;     -- Dedicated logic registers            ; 104       ;
;     -- I/O registers                        ; 0         ;
;                                             ;           ;
; I/O pins                                    ; 24        ;
;                                             ;           ;
; Embedded Multiplier 9-bit elements          ; 0         ;
;                                             ;           ;
; Maximum fan-out node                        ; clk~input ;
; Maximum fan-out                             ; 104       ;
; Total fan-out                               ; 1020      ;
; Average fan-out                             ; 2.67      ;
+---------------------------------------------+-----------+


+------------------------------------------------------------------------------------------------------------------------------------------------------------------------------------------------------------------------------------+
; Analysis & Synthesis Resource Utilization by Entity                                                                                                                                                                                ;
+--------------------------------+---------------------+---------------------------+-------------+--------------+---------+-----------+------+--------------+-----------------------------------------+---------------+--------------+
; Compilation Hierarchy Node     ; Combinational ALUTs ; Dedicated Logic Registers ; Memory Bits ; DSP Elements ; DSP 9x9 ; DSP 18x18 ; Pins ; Virtual Pins ; Full Hierarchy Name                     ; Entity Name   ; Library Name ;
+--------------------------------+---------------------+---------------------------+-------------+--------------+---------+-----------+------+--------------+-----------------------------------------+---------------+--------------+
; |ReactionGame                  ; 230 (0)             ; 104 (0)                   ; 0           ; 0            ; 0       ; 0         ; 24   ; 0            ; |ReactionGame                           ; ReactionGame  ; work         ;
;    |CounterNBits:chronometer|  ; 17 (17)             ; 16 (16)                   ; 0           ; 0            ; 0       ; 0         ; 0    ; 0            ; |ReactionGame|CounterNBits:chronometer  ; CounterNBits  ; work         ;
;    |CounterNBits:rand_counter| ; 74 (74)             ; 32 (32)                   ; 0           ; 0            ; 0       ; 0         ; 0    ; 0            ; |ReactionGame|CounterNBits:rand_counter ; CounterNBits  ; work         ;
;    |PulseGen:pulse_1000hz|     ; 23 (23)             ; 17 (17)                   ; 0           ; 0            ; 0       ; 0         ; 0    ; 0            ; |ReactionGame|PulseGen:pulse_1000hz     ; PulseGen      ; work         ;
;    |SingleTurnFSM:turn_fsm|    ; 8 (8)               ; 6 (6)                     ; 0           ; 0            ; 0       ; 0         ; 0    ; 0            ; |ReactionGame|SingleTurnFSM:turn_fsm    ; SingleTurnFSM ; work         ;
;    |TimerAuxFSM:timer_fsm|     ; 108 (108)           ; 33 (33)                   ; 0           ; 0            ; 0       ; 0         ; 0    ; 0            ; |ReactionGame|TimerAuxFSM:timer_fsm     ; TimerAuxFSM   ; work         ;
+--------------------------------+---------------------+---------------------------+-------------+--------------+---------+-----------+------+--------------+-----------------------------------------+---------------+--------------+
Note: For table entries with two numbers listed, the numbers in parentheses indicate the number of resources of the given type used by the specific entity alone. The numbers listed outside of parentheses indicate the total resources of the given type used by the specific entity and all of its sub-entities in the hierarchy.


Encoding Type:  One-Hot
+-----------------------------------------------------------------------------------------------------+
; State Machine - |ReactionGame|SingleTurnFSM:turn_fsm|pState                                         ;
+--------------------+----------------+-------------+--------------------+--------------+-------------+
; Name               ; pState.REACTED ; pState.PLAY ; pState.FALSE_START ; pState.READY ; pState.IDLE ;
+--------------------+----------------+-------------+--------------------+--------------+-------------+
; pState.IDLE        ; 0              ; 0           ; 0                  ; 0            ; 0           ;
; pState.READY       ; 0              ; 0           ; 0                  ; 1            ; 1           ;
; pState.FALSE_START ; 0              ; 0           ; 1                  ; 0            ; 1           ;
; pState.PLAY        ; 0              ; 1           ; 0                  ; 0            ; 1           ;
; pState.REACTED     ; 1              ; 0           ; 0                  ; 0            ; 1           ;
+--------------------+----------------+-------------+--------------------+--------------+-------------+


+--------------------------------------------------------------------------------+
; Registers Removed During Synthesis                                             ;
+---------------------------------------+----------------------------------------+
; Register name                         ; Reason for Removal                     ;
+---------------------------------------+----------------------------------------+
; CounterNBits:chronometer|termCnt      ; Stuck at GND due to stuck port data_in ;
; Total Number of Removed Registers = 1 ;                                        ;
+---------------------------------------+----------------------------------------+


+------------------------------------------------------+
; General Register Statistics                          ;
+----------------------------------------------+-------+
; Statistic                                    ; Value ;
+----------------------------------------------+-------+
; Total registers                              ; 104   ;
; Number of registers using Synchronous Clear  ; 36    ;
; Number of registers using Synchronous Load   ; 0     ;
; Number of registers using Asynchronous Clear ; 0     ;
; Number of registers using Asynchronous Load  ; 0     ;
; Number of registers using Clock Enable       ; 48    ;
; Number of registers using Preset             ; 0     ;
+----------------------------------------------+-------+


+---------------------------------------------------+
; Inverted Register Statistics                      ;
+-----------------------------------------+---------+
; Inverted Register                       ; Fan out ;
+-----------------------------------------+---------+
; TimerAuxFSM:timer_fsm|s_count[0]        ; 2       ;
; TimerAuxFSM:timer_fsm|s_count[1]        ; 2       ;
; TimerAuxFSM:timer_fsm|s_count[2]        ; 2       ;
; TimerAuxFSM:timer_fsm|s_count[3]        ; 2       ;
; TimerAuxFSM:timer_fsm|s_count[4]        ; 2       ;
; TimerAuxFSM:timer_fsm|s_count[5]        ; 2       ;
; TimerAuxFSM:timer_fsm|s_count[6]        ; 2       ;
; TimerAuxFSM:timer_fsm|s_count[7]        ; 2       ;
; TimerAuxFSM:timer_fsm|s_count[8]        ; 2       ;
; TimerAuxFSM:timer_fsm|s_count[9]        ; 2       ;
; TimerAuxFSM:timer_fsm|s_count[10]       ; 2       ;
; TimerAuxFSM:timer_fsm|s_count[11]       ; 2       ;
; TimerAuxFSM:timer_fsm|s_count[12]       ; 2       ;
; TimerAuxFSM:timer_fsm|s_count[13]       ; 2       ;
; TimerAuxFSM:timer_fsm|s_count[14]       ; 2       ;
; TimerAuxFSM:timer_fsm|s_count[15]       ; 2       ;
; TimerAuxFSM:timer_fsm|s_count[16]       ; 2       ;
; TimerAuxFSM:timer_fsm|s_count[17]       ; 2       ;
; TimerAuxFSM:timer_fsm|s_count[18]       ; 2       ;
; TimerAuxFSM:timer_fsm|s_count[19]       ; 2       ;
; TimerAuxFSM:timer_fsm|s_count[20]       ; 2       ;
; TimerAuxFSM:timer_fsm|s_count[21]       ; 2       ;
; TimerAuxFSM:timer_fsm|s_count[22]       ; 2       ;
; TimerAuxFSM:timer_fsm|s_count[23]       ; 2       ;
; TimerAuxFSM:timer_fsm|s_count[24]       ; 2       ;
; TimerAuxFSM:timer_fsm|s_count[25]       ; 2       ;
; TimerAuxFSM:timer_fsm|s_count[26]       ; 2       ;
; TimerAuxFSM:timer_fsm|s_count[27]       ; 2       ;
; TimerAuxFSM:timer_fsm|s_count[28]       ; 2       ;
; TimerAuxFSM:timer_fsm|s_count[29]       ; 2       ;
; TimerAuxFSM:timer_fsm|s_count[30]       ; 2       ;
; TimerAuxFSM:timer_fsm|s_count[31]       ; 2       ;
; CounterNBits:rand_counter|cnt_value[7]  ; 3       ;
; CounterNBits:rand_counter|cnt_value[8]  ; 3       ;
; CounterNBits:rand_counter|cnt_value[12] ; 3       ;
; CounterNBits:rand_counter|cnt_value[14] ; 3       ;
; CounterNBits:rand_counter|cnt_value[15] ; 3       ;
; CounterNBits:rand_counter|cnt_value[20] ; 3       ;
; CounterNBits:rand_counter|cnt_value[21] ; 3       ;
; CounterNBits:rand_counter|cnt_value[22] ; 3       ;
; CounterNBits:rand_counter|cnt_value[23] ; 3       ;
; CounterNBits:rand_counter|cnt_value[27] ; 3       ;
; Total number of inverted registers = 42 ;         ;
+-----------------------------------------+---------+


+---------------------------------------------------------------------------------------------------------------------------------------------------------------------+
; Multiplexer Restructuring Statistics (Restructuring Performed)                                                                                                      ;
+--------------------+-----------+---------------+----------------------+------------------------+------------+-------------------------------------------------------+
; Multiplexer Inputs ; Bus Width ; Baseline Area ; Area if Restructured ; Saving if Restructured ; Registered ; Example Multiplexer Output                            ;
+--------------------+-----------+---------------+----------------------+------------------------+------------+-------------------------------------------------------+
; 3:1                ; 16 bits   ; 32 LEs        ; 16 LEs               ; 16 LEs                 ; Yes        ; |ReactionGame|CounterNBits:chronometer|cnt_value[6]   ;
; 3:1                ; 16 bits   ; 32 LEs        ; 16 LEs               ; 16 LEs                 ; Yes        ; |ReactionGame|PulseGen:pulse_1000hz|s_cnt[0]          ;
; 3:1                ; 22 bits   ; 44 LEs        ; 22 LEs               ; 22 LEs                 ; Yes        ; |ReactionGame|CounterNBits:rand_counter|cnt_value[16] ;
; 3:1                ; 10 bits   ; 20 LEs        ; 10 LEs               ; 10 LEs                 ; Yes        ; |ReactionGame|CounterNBits:rand_counter|cnt_value[27] ;
; 4:1                ; 32 bits   ; 64 LEs        ; 64 LEs               ; 0 LEs                  ; Yes        ; |ReactionGame|TimerAuxFSM:timer_fsm|s_count[30]       ;
+--------------------+-----------+---------------+----------------------+------------------------+------------+-------------------------------------------------------+


+--------------------------------------------------------------------+
; Parameter Settings for User Entity Instance: PulseGen:pulse_1000hz ;
+----------------+-------+-------------------------------------------+
; Parameter Name ; Value ; Type                                      ;
+----------------+-------+-------------------------------------------+
; max            ; 50000 ; Signed Integer                            ;
+----------------+-------+-------------------------------------------+
Note: In order to hide this table in the UI and the text report file, please set the "Show Parameter Settings in Synthesis Report" option in "Analysis and Synthesis Settings -> More Settings" to "Off".


+------------------------------------------------------------------------+
; Parameter Settings for User Entity Instance: CounterNBits:rand_counter ;
+----------------+-----------+-------------------------------------------+
; Parameter Name ; Value     ; Type                                      ;
+----------------+-----------+-------------------------------------------+
; n              ; 32        ; Signed Integer                            ;
; min            ; 150000000 ; Signed Integer                            ;
; max            ; 350000000 ; Signed Integer                            ;
+----------------+-----------+-------------------------------------------+
Note: In order to hide this table in the UI and the text report file, please set the "Show Parameter Settings in Synthesis Report" option in "Analysis and Synthesis Settings -> More Settings" to "Off".


+-----------------------------------------------------------------------+
; Parameter Settings for User Entity Instance: CounterNBits:chronometer ;
+----------------+-----------+------------------------------------------+
; Parameter Name ; Value     ; Type                                     ;
+----------------+-----------+------------------------------------------+
; n              ; 16        ; Signed Integer                           ;
; min            ; 0         ; Signed Integer                           ;
; max            ; 500000000 ; Signed Integer                           ;
+----------------+-----------+------------------------------------------+
Note: In order to hide this table in the UI and the text report file, please set the "Show Parameter Settings in Synthesis Report" option in "Analysis and Synthesis Settings -> More Settings" to "Off".


+-------------------------------------------------------------------------------------------------------------------+
; Port Connectivity Checks: "CounterNBits:rand_counter"                                                             ;
+---------+--------+----------+-------------------------------------------------------------------------------------+
; Port    ; Type   ; Severity ; Details                                                                             ;
+---------+--------+----------+-------------------------------------------------------------------------------------+
; enable1 ; Input  ; Info     ; Stuck at VCC                                                                        ;
; enable2 ; Input  ; Info     ; Stuck at VCC                                                                        ;
; termcnt ; Output ; Info     ; Connected to dangling logic. Logic that only feeds a dangling port will be removed. ;
+---------+--------+----------+-------------------------------------------------------------------------------------+


+-----------------------------------------------------+
; Post-Synthesis Netlist Statistics for Top Partition ;
+-----------------------+-----------------------------+
; Type                  ; Count                       ;
+-----------------------+-----------------------------+
; boundary_port         ; 24                          ;
; cycloneiii_ff         ; 104                         ;
;     ENA               ; 32                          ;
;     ENA SCLR          ; 16                          ;
;     SCLR              ; 20                          ;
;     plain             ; 36                          ;
; cycloneiii_lcell_comb ; 231                         ;
;     arith             ; 123                         ;
;         2 data inputs ; 92                          ;
;         3 data inputs ; 31                          ;
;     normal            ; 108                         ;
;         1 data inputs ; 5                           ;
;         2 data inputs ; 3                           ;
;         3 data inputs ; 4                           ;
;         4 data inputs ; 96                          ;
;                       ;                             ;
; Max LUT depth         ; 5.10                        ;
; Average LUT depth     ; 3.50                        ;
+-----------------------+-----------------------------+


+-------------------------------+
; Elapsed Time Per Partition    ;
+----------------+--------------+
; Partition Name ; Elapsed Time ;
+----------------+--------------+
; Top            ; 00:00:00     ;
+----------------+--------------+


+-------------------------------+
; Analysis & Synthesis Messages ;
+-------------------------------+
Info: *******************************************************************
Info: Running Quartus Prime Analysis & Synthesis
    Info: Version 22.1std.2 Build 922 07/20/2023 SC Lite Edition
    Info: Processing started: Sun May 19 18:27:28 2024
Info: Command: quartus_map --read_settings_files=on --write_settings_files=off ReactionGame -c ReactionGame
Warning (18236): Number of processors has not been specified which may cause overloading on shared machines.  Set the global assignment NUM_PARALLEL_PROCESSORS in your QSF to an appropriate value for best performance.
Info (20030): Parallel compilation is enabled and will use 4 of the 4 processors detected
Info (12021): Found 2 design units, including 1 entities, in source file SingleTurnFSM.vhd
    Info (12022): Found design unit 1: SingleTurnFSM-Behavioral File: /home/penacho/LSD/LSD-final-project/Fase1/SingleTurnFSM.vhd Line: 18
    Info (12023): Found entity 1: SingleTurnFSM File: /home/penacho/LSD/LSD-final-project/Fase1/SingleTurnFSM.vhd Line: 4
Info (12021): Found 2 design units, including 1 entities, in source file CounterNBits.vhd
    Info (12022): Found design unit 1: CounterNBits-Behavioral File: /home/penacho/LSD/LSD-final-project/Fase1/CounterNBits.vhd Line: 21
    Info (12023): Found entity 1: CounterNBits File: /home/penacho/LSD/LSD-final-project/Fase1/CounterNBits.vhd Line: 5
Info (12021): Found 2 design units, including 1 entities, in source file CounterNBits_tb.vhd
    Info (12022): Found design unit 1: CounterNBits_tb-Stimulus File: /home/penacho/LSD/LSD-final-project/Fase1/CounterNBits_tb.vhd Line: 7
    Info (12023): Found entity 1: CounterNBits_tb File: /home/penacho/LSD/LSD-final-project/Fase1/CounterNBits_tb.vhd Line: 4
Info (12021): Found 2 design units, including 1 entities, in source file ReactionGame.vhd
    Info (12022): Found design unit 1: ReactionGame-Structural File: /home/penacho/LSD/LSD-final-project/Fase1/ReactionGame.vhd Line: 14
    Info (12023): Found entity 1: ReactionGame File: /home/penacho/LSD/LSD-final-project/Fase1/ReactionGame.vhd Line: 4
Info (12021): Found 1 design units, including 1 entities, in source file toplevel_schematic.bdf
    Info (12023): Found entity 1: toplevel_schematic
Info (12021): Found 2 design units, including 1 entities, in source file TimerAuxFSM.vhd
    Info (12022): Found design unit 1: TimerAuxFSM-Behavioral File: /home/penacho/LSD/LSD-final-project/Fase1/TimerAuxFSM.vhd Line: 15
    Info (12023): Found entity 1: TimerAuxFSM File: /home/penacho/LSD/LSD-final-project/Fase1/TimerAuxFSM.vhd Line: 5
Info (12021): Found 2 design units, including 1 entities, in source file PulseGen.vhd
    Info (12022): Found design unit 1: PulseGen-Behavioral File: /home/penacho/LSD/LSD-final-project/Fase1/PulseGen.vhd Line: 14
    Info (12023): Found entity 1: PulseGen File: /home/penacho/LSD/LSD-final-project/Fase1/PulseGen.vhd Line: 5
Info (12127): Elaborating entity "ReactionGame" for the top level hierarchy
Info (12129): Elaborating entity "SingleTurnFSM" using architecture "A:behavioral" for hierarchy "SingleTurnFSM:turn_fsm" File: /home/penacho/LSD/LSD-final-project/Fase1/ReactionGame.vhd Line: 24
Info (12129): Elaborating entity "TimerAuxFSM" using architecture "A:behavioral" for hierarchy "TimerAuxFSM:timer_fsm" File: /home/penacho/LSD/LSD-final-project/Fase1/ReactionGame.vhd Line: 37
Info (12129): Elaborating entity "PulseGen" using architecture "A:behavioral" for hierarchy "PulseGen:pulse_1000hz" File: /home/penacho/LSD/LSD-final-project/Fase1/ReactionGame.vhd Line: 46
Info (12129): Elaborating entity "CounterNBits" using architecture "A:behavioral" for hierarchy "CounterNBits:rand_counter" File: /home/penacho/LSD/LSD-final-project/Fase1/ReactionGame.vhd Line: 54
Info (12129): Elaborating entity "CounterNBits" using architecture "A:behavioral" for hierarchy "CounterNBits:chronometer" File: /home/penacho/LSD/LSD-final-project/Fase1/ReactionGame.vhd Line: 69
Info (286030): Timing-Driven Synthesis is running
Info (16010): Generating hard_block partition "hard_block:auto_generated_inst"
    Info (16011): Adding 0 node(s), including 0 DDIO, 0 PLL, 0 transceiver and 0 LCELL
Info (21057): Implemented 254 device resources after synthesis - the final resource count might be different
    Info (21058): Implemented 3 input pins
    Info (21059): Implemented 21 output pins
    Info (21061): Implemented 230 logic cells
Info: Quartus Prime Analysis & Synthesis was successful. 0 errors, 1 warning
    Info: Peak virtual memory: 465 megabytes
    Info: Processing ended: Sun May 19 18:27:36 2024
    Info: Elapsed time: 00:00:08
    Info: Total CPU time (on all processors): 00:00:19


