Analysis & Synthesis report for ReactionGame
Sun May 26 17:10:49 2024
Quartus Prime Version 22.1std.2 Build 922 07/20/2023 SC Lite Edition


---------------------
; Table of Contents ;
---------------------
  1. Legal Notice
  2. Analysis & Synthesis Summary
  3. Analysis & Synthesis Settings
  4. Parallel Compilation
  5. Analysis & Synthesis Source Files Read
  6. Analysis & Synthesis Resource Usage Summary
  7. Analysis & Synthesis Resource Utilization by Entity
  8. State Machine - |ReactionGame_Demo|ReactionGame:reaction_game|SingleTurnFSM:turn_fsm|pState
  9. Registers Removed During Synthesis
 10. General Register Statistics
 11. Inverted Register Statistics
 12. Multiplexer Restructuring Statistics (Restructuring Performed)
 13. Parameter Settings for User Entity Instance: Debouncer:debounce
 14. Parameter Settings for User Entity Instance: ReactionGame:reaction_game|PulseGen:pulse_1000hz
 15. Parameter Settings for User Entity Instance: ReactionGame:reaction_game|CounterNBits:rand_counter
 16. Parameter Settings for User Entity Instance: ReactionGame:reaction_game|CounterNBits:chronometer
 17. Parameter Settings for Inferred Entity Instance: Bin2BCD:bin2bcd|lpm_divide:Mod0
 18. Parameter Settings for Inferred Entity Instance: Bin2BCD:bin2bcd|lpm_divide:Mod1
 19. Parameter Settings for Inferred Entity Instance: Bin2BCD:bin2bcd|lpm_divide:Div0
 20. Parameter Settings for Inferred Entity Instance: Bin2BCD:bin2bcd|lpm_divide:Div1
 21. Parameter Settings for Inferred Entity Instance: Bin2BCD:bin2bcd|lpm_divide:Mod2
 22. Parameter Settings for Inferred Entity Instance: Bin2BCD:bin2bcd|lpm_divide:Div2
 23. Parameter Settings for Inferred Entity Instance: Bin2BCD:bin2bcd|lpm_divide:Mod3
 24. Parameter Settings for Inferred Entity Instance: Bin2BCD:bin2bcd|lpm_divide:Div3
 25. Port Connectivity Checks: "ReactionGame:reaction_game|CounterNBits:rand_counter"
 26. Port Connectivity Checks: "ReactionGame:reaction_game"
 27. Post-Synthesis Netlist Statistics for Top Partition
 28. Elapsed Time Per Partition
 29. Analysis & Synthesis Messages



----------------
; Legal Notice ;
----------------
Copyright (C) 2023  Intel Corporation. All rights reserved.
Your use of Intel Corporation's design tools, logic functions 
and other software and tools, and any partner logic 
functions, and any output files from any of the foregoing 
(including device programming or simulation files), and any 
associated documentation or information are expressly subject 
to the terms and conditions of the Intel Program License 
Subscription Agreement, the Intel Quartus Prime License Agreement,
the Intel FPGA IP License Agreement, or other applicable license
agreement, including, without limitation, that your use is for
the sole purpose of programming logic devices manufactured by
Intel and sold by Intel or its authorized distributors.  Please
refer to the applicable agreement for further details, at
https://fpgasoftware.intel.com/eula.



+-------------------------------------------------------------------------------------+
; Analysis & Synthesis Summary                                                        ;
+------------------------------------+------------------------------------------------+
; Analysis & Synthesis Status        ; Successful - Sun May 26 17:10:48 2024          ;
; Quartus Prime Version              ; 22.1std.2 Build 922 07/20/2023 SC Lite Edition ;
; Revision Name                      ; ReactionGame                                   ;
; Top-level Entity Name              ; ReactionGame_Demo                              ;
; Family                             ; Cyclone IV E                                   ;
; Total logic elements               ; 2,009                                          ;
;     Total combinational functions  ; 2,007                                          ;
;     Dedicated logic registers      ; 129                                            ;
; Total registers                    ; 129                                            ;
; Total pins                         ; 46                                             ;
; Total virtual pins                 ; 0                                              ;
; Total memory bits                  ; 0                                              ;
; Embedded Multiplier 9-bit elements ; 0                                              ;
; Total PLLs                         ; 0                                              ;
+------------------------------------+------------------------------------------------+


+------------------------------------------------------------------------------------------------------------+
; Analysis & Synthesis Settings                                                                              ;
+------------------------------------------------------------------+--------------------+--------------------+
; Option                                                           ; Setting            ; Default Value      ;
+------------------------------------------------------------------+--------------------+--------------------+
; Device                                                           ; EP4CE115F29C7      ;                    ;
; Top-level entity name                                            ; ReactionGame_Demo  ; ReactionGame       ;
; Family name                                                      ; Cyclone IV E       ; Cyclone V          ;
; Use smart compilation                                            ; Off                ; Off                ;
; Enable parallel Assembler and Timing Analyzer during compilation ; On                 ; On                 ;
; Enable compact report table                                      ; Off                ; Off                ;
; Restructure Multiplexers                                         ; Auto               ; Auto               ;
; Create Debugging Nodes for IP Cores                              ; Off                ; Off                ;
; Preserve fewer node names                                        ; On                 ; On                 ;
; Intel FPGA IP Evaluation Mode                                    ; Enable             ; Enable             ;
; Verilog Version                                                  ; Verilog_2001       ; Verilog_2001       ;
; VHDL Version                                                     ; VHDL_1993          ; VHDL_1993          ;
; State Machine Processing                                         ; Auto               ; Auto               ;
; Safe State Machine                                               ; Off                ; Off                ;
; Extract Verilog State Machines                                   ; On                 ; On                 ;
; Extract VHDL State Machines                                      ; On                 ; On                 ;
; Ignore Verilog initial constructs                                ; Off                ; Off                ;
; Iteration limit for constant Verilog loops                       ; 5000               ; 5000               ;
; Iteration limit for non-constant Verilog loops                   ; 250                ; 250                ;
; Add Pass-Through Logic to Inferred RAMs                          ; On                 ; On                 ;
; Infer RAMs from Raw Logic                                        ; On                 ; On                 ;
; Parallel Synthesis                                               ; On                 ; On                 ;
; DSP Block Balancing                                              ; Auto               ; Auto               ;
; NOT Gate Push-Back                                               ; On                 ; On                 ;
; Power-Up Don't Care                                              ; On                 ; On                 ;
; Remove Redundant Logic Cells                                     ; Off                ; Off                ;
; Remove Duplicate Registers                                       ; On                 ; On                 ;
; Ignore CARRY Buffers                                             ; Off                ; Off                ;
; Ignore CASCADE Buffers                                           ; Off                ; Off                ;
; Ignore GLOBAL Buffers                                            ; Off                ; Off                ;
; Ignore ROW GLOBAL Buffers                                        ; Off                ; Off                ;
; Ignore LCELL Buffers                                             ; Off                ; Off                ;
; Ignore SOFT Buffers                                              ; On                 ; On                 ;
; Limit AHDL Integers to 32 Bits                                   ; Off                ; Off                ;
; Optimization Technique                                           ; Balanced           ; Balanced           ;
; Carry Chain Length                                               ; 70                 ; 70                 ;
; Auto Carry Chains                                                ; On                 ; On                 ;
; Auto Open-Drain Pins                                             ; On                 ; On                 ;
; Perform WYSIWYG Primitive Resynthesis                            ; Off                ; Off                ;
; Auto ROM Replacement                                             ; On                 ; On                 ;
; Auto RAM Replacement                                             ; On                 ; On                 ;
; Auto DSP Block Replacement                                       ; On                 ; On                 ;
; Auto Shift Register Replacement                                  ; Auto               ; Auto               ;
; Allow Shift Register Merging across Hierarchies                  ; Auto               ; Auto               ;
; Auto Clock Enable Replacement                                    ; On                 ; On                 ;
; Strict RAM Replacement                                           ; Off                ; Off                ;
; Allow Synchronous Control Signals                                ; On                 ; On                 ;
; Force Use of Synchronous Clear Signals                           ; Off                ; Off                ;
; Auto RAM Block Balancing                                         ; On                 ; On                 ;
; Auto RAM to Logic Cell Conversion                                ; Off                ; Off                ;
; Auto Resource Sharing                                            ; Off                ; Off                ;
; Allow Any RAM Size For Recognition                               ; Off                ; Off                ;
; Allow Any ROM Size For Recognition                               ; Off                ; Off                ;
; Allow Any Shift Register Size For Recognition                    ; Off                ; Off                ;
; Use LogicLock Constraints during Resource Balancing              ; On                 ; On                 ;
; Ignore translate_off and synthesis_off directives                ; Off                ; Off                ;
; Timing-Driven Synthesis                                          ; On                 ; On                 ;
; Report Parameter Settings                                        ; On                 ; On                 ;
; Report Source Assignments                                        ; On                 ; On                 ;
; Report Connectivity Checks                                       ; On                 ; On                 ;
; Ignore Maximum Fan-Out Assignments                               ; Off                ; Off                ;
; Synchronization Register Chain Length                            ; 2                  ; 2                  ;
; Power Optimization During Synthesis                              ; Normal compilation ; Normal compilation ;
; HDL message level                                                ; Level2             ; Level2             ;
; Suppress Register Optimization Related Messages                  ; Off                ; Off                ;
; Number of Removed Registers Reported in Synthesis Report         ; 5000               ; 5000               ;
; Number of Swept Nodes Reported in Synthesis Report               ; 5000               ; 5000               ;
; Number of Inverted Registers Reported in Synthesis Report        ; 100                ; 100                ;
; Clock MUX Protection                                             ; On                 ; On                 ;
; Auto Gated Clock Conversion                                      ; Off                ; Off                ;
; Block Design Naming                                              ; Auto               ; Auto               ;
; SDC constraint protection                                        ; Off                ; Off                ;
; Synthesis Effort                                                 ; Auto               ; Auto               ;
; Shift Register Replacement - Allow Asynchronous Clear Signal     ; On                 ; On                 ;
; Pre-Mapping Resynthesis Optimization                             ; Off                ; Off                ;
; Analysis & Synthesis Message Level                               ; Medium             ; Medium             ;
; Disable Register Merging Across Hierarchies                      ; Auto               ; Auto               ;
; Resource Aware Inference For Block RAM                           ; On                 ; On                 ;
+------------------------------------------------------------------+--------------------+--------------------+


+------------------------------------------+
; Parallel Compilation                     ;
+----------------------------+-------------+
; Processors                 ; Number      ;
+----------------------------+-------------+
; Number detected on machine ; 8           ;
; Maximum allowed            ; 4           ;
;                            ;             ;
; Average used               ; 1.00        ;
; Maximum used               ; 4           ;
;                            ;             ;
; Usage by Processor         ; % Time Used ;
;     Processor 1            ; 100.0%      ;
;     Processor 2            ;   0.0%      ;
;     Processor 3            ;   0.0%      ;
;     Processor 4            ;   0.0%      ;
+----------------------------+-------------+


+-----------------------------------------------------------------------------------------------------------------------------------------------------------------------------------------+
; Analysis & Synthesis Source Files Read                                                                                                                                                  ;
+----------------------------------+-----------------+------------------------------+-------------------------------------------------------------------------------------------+---------+
; File Name with User-Entered Path ; Used in Netlist ; File Type                    ; File Name with Absolute Path                                                              ; Library ;
+----------------------------------+-----------------+------------------------------+-------------------------------------------------------------------------------------------+---------+
; Debouncer.vhd                    ; yes             ; User VHDL File               ; /home/penacho/LSD/LSD-final-project/SingleProc/Fase1/Debouncer.vhd                        ;         ;
; SingleTurnFSM.vhd                ; yes             ; User VHDL File               ; /home/penacho/LSD/LSD-final-project/SingleProc/Fase1/SingleTurnFSM.vhd                    ;         ;
; CounterNBits.vhd                 ; yes             ; User VHDL File               ; /home/penacho/LSD/LSD-final-project/SingleProc/Fase1/CounterNBits.vhd                     ;         ;
; Bin7SegDecoder.vhd               ; yes             ; User VHDL File               ; /home/penacho/LSD/LSD-final-project/SingleProc/Fase1/Bin7SegDecoder.vhd                   ;         ;
; Bin2BCD.vhd                      ; yes             ; User VHDL File               ; /home/penacho/LSD/LSD-final-project/SingleProc/Fase1/Bin2BCD.vhd                          ;         ;
; PulseGen.vhd                     ; yes             ; User VHDL File               ; /home/penacho/LSD/LSD-final-project/SingleProc/Fase1/PulseGen.vhd                         ;         ;
; ReactionGame.vhd                 ; yes             ; User VHDL File               ; /home/penacho/LSD/LSD-final-project/SingleProc/Fase1/ReactionGame.vhd                     ;         ;
; ReactionGame_Demo.vhd            ; yes             ; User VHDL File               ; /home/penacho/LSD/LSD-final-project/SingleProc/Fase1/ReactionGame_Demo.vhd                ;         ;
; lpm_divide.tdf                   ; yes             ; Megafunction                 ; /home/penacho/.intel_fpga_lite/22.1.2/quartus/libraries/megafunctions/lpm_divide.tdf      ;         ;
; abs_divider.inc                  ; yes             ; Megafunction                 ; /home/penacho/.intel_fpga_lite/22.1.2/quartus/libraries/megafunctions/abs_divider.inc     ;         ;
; sign_div_unsign.inc              ; yes             ; Megafunction                 ; /home/penacho/.intel_fpga_lite/22.1.2/quartus/libraries/megafunctions/sign_div_unsign.inc ;         ;
; aglobal221.inc                   ; yes             ; Megafunction                 ; /home/penacho/.intel_fpga_lite/22.1.2/quartus/libraries/megafunctions/aglobal221.inc      ;         ;
; db/lpm_divide_ocm.tdf            ; yes             ; Auto-Generated Megafunction  ; /home/penacho/LSD/LSD-final-project/SingleProc/Fase1/db/lpm_divide_ocm.tdf                ;         ;
; db/sign_div_unsign_dnh.tdf       ; yes             ; Auto-Generated Megafunction  ; /home/penacho/LSD/LSD-final-project/SingleProc/Fase1/db/sign_div_unsign_dnh.tdf           ;         ;
; db/alt_u_div_eaf.tdf             ; yes             ; Auto-Generated Megafunction  ; /home/penacho/LSD/LSD-final-project/SingleProc/Fase1/db/alt_u_div_eaf.tdf                 ;         ;
; db/add_sub_7pc.tdf               ; yes             ; Auto-Generated Megafunction  ; /home/penacho/LSD/LSD-final-project/SingleProc/Fase1/db/add_sub_7pc.tdf                   ;         ;
; db/add_sub_8pc.tdf               ; yes             ; Auto-Generated Megafunction  ; /home/penacho/LSD/LSD-final-project/SingleProc/Fase1/db/add_sub_8pc.tdf                   ;         ;
; db/lpm_divide_2jm.tdf            ; yes             ; Auto-Generated Megafunction  ; /home/penacho/LSD/LSD-final-project/SingleProc/Fase1/db/lpm_divide_2jm.tdf                ;         ;
; db/sign_div_unsign_qlh.tdf       ; yes             ; Auto-Generated Megafunction  ; /home/penacho/LSD/LSD-final-project/SingleProc/Fase1/db/sign_div_unsign_qlh.tdf           ;         ;
; db/alt_u_div_87f.tdf             ; yes             ; Auto-Generated Megafunction  ; /home/penacho/LSD/LSD-final-project/SingleProc/Fase1/db/alt_u_div_87f.tdf                 ;         ;
; db/lpm_divide_5jm.tdf            ; yes             ; Auto-Generated Megafunction  ; /home/penacho/LSD/LSD-final-project/SingleProc/Fase1/db/lpm_divide_5jm.tdf                ;         ;
; db/sign_div_unsign_tlh.tdf       ; yes             ; Auto-Generated Megafunction  ; /home/penacho/LSD/LSD-final-project/SingleProc/Fase1/db/sign_div_unsign_tlh.tdf           ;         ;
; db/alt_u_div_e7f.tdf             ; yes             ; Auto-Generated Megafunction  ; /home/penacho/LSD/LSD-final-project/SingleProc/Fase1/db/alt_u_div_e7f.tdf                 ;         ;
; db/lpm_divide_fkm.tdf            ; yes             ; Auto-Generated Megafunction  ; /home/penacho/LSD/LSD-final-project/SingleProc/Fase1/db/lpm_divide_fkm.tdf                ;         ;
; db/sign_div_unsign_7nh.tdf       ; yes             ; Auto-Generated Megafunction  ; /home/penacho/LSD/LSD-final-project/SingleProc/Fase1/db/sign_div_unsign_7nh.tdf           ;         ;
; db/alt_u_div_2af.tdf             ; yes             ; Auto-Generated Megafunction  ; /home/penacho/LSD/LSD-final-project/SingleProc/Fase1/db/alt_u_div_2af.tdf                 ;         ;
; db/lpm_divide_jkm.tdf            ; yes             ; Auto-Generated Megafunction  ; /home/penacho/LSD/LSD-final-project/SingleProc/Fase1/db/lpm_divide_jkm.tdf                ;         ;
; db/sign_div_unsign_bnh.tdf       ; yes             ; Auto-Generated Megafunction  ; /home/penacho/LSD/LSD-final-project/SingleProc/Fase1/db/sign_div_unsign_bnh.tdf           ;         ;
; db/alt_u_div_aaf.tdf             ; yes             ; Auto-Generated Megafunction  ; /home/penacho/LSD/LSD-final-project/SingleProc/Fase1/db/alt_u_div_aaf.tdf                 ;         ;
+----------------------------------+-----------------+------------------------------+-------------------------------------------------------------------------------------------+---------+


+--------------------------------------------------------------+
; Analysis & Synthesis Resource Usage Summary                  ;
+---------------------------------------------+----------------+
; Resource                                    ; Usage          ;
+---------------------------------------------+----------------+
; Estimated Total logic elements              ; 2,009          ;
;                                             ;                ;
; Total combinational functions               ; 2007           ;
; Logic element usage by number of LUT inputs ;                ;
;     -- 4 input functions                    ; 504            ;
;     -- 3 input functions                    ; 515            ;
;     -- <=2 input functions                  ; 988            ;
;                                             ;                ;
; Logic elements by mode                      ;                ;
;     -- normal mode                          ; 1354           ;
;     -- arithmetic mode                      ; 653            ;
;                                             ;                ;
; Total registers                             ; 129            ;
;     -- Dedicated logic registers            ; 129            ;
;     -- I/O registers                        ; 0              ;
;                                             ;                ;
; I/O pins                                    ; 46             ;
;                                             ;                ;
; Embedded Multiplier 9-bit elements          ; 0              ;
;                                             ;                ;
; Maximum fan-out node                        ; CLOCK_50~input ;
; Maximum fan-out                             ; 129            ;
; Total fan-out                               ; 5873           ;
; Average fan-out                             ; 2.64           ;
+---------------------------------------------+----------------+


+------------------------------------------------------------------------------------------------------------------------------------------------------------------------------------------------------------------------------------------------------------------------------------------------------------------------------------------------+
; Analysis & Synthesis Resource Utilization by Entity                                                                                                                                                                                                                                                                                            ;
+-------------------------------------------+---------------------+---------------------------+-------------+--------------+---------+-----------+------+--------------+------------------------------------------------------------------------------------------------------------------------------------+---------------------+--------------+
; Compilation Hierarchy Node                ; Combinational ALUTs ; Dedicated Logic Registers ; Memory Bits ; DSP Elements ; DSP 9x9 ; DSP 18x18 ; Pins ; Virtual Pins ; Full Hierarchy Name                                                                                                                ; Entity Name         ; Library Name ;
+-------------------------------------------+---------------------+---------------------------+-------------+--------------+---------+-----------+------+--------------+------------------------------------------------------------------------------------------------------------------------------------+---------------------+--------------+
; |ReactionGame_Demo                        ; 2007 (0)            ; 129 (1)                   ; 0           ; 0            ; 0       ; 0         ; 46   ; 0            ; |ReactionGame_Demo                                                                                                                 ; ReactionGame_Demo   ; work         ;
;    |Bin2BCD:bin2bcd|                      ; 1699 (0)            ; 0 (0)                     ; 0           ; 0            ; 0       ; 0         ; 0    ; 0            ; |ReactionGame_Demo|Bin2BCD:bin2bcd                                                                                                 ; Bin2BCD             ; work         ;
;       |lpm_divide:Div0|                   ; 172 (0)             ; 0 (0)                     ; 0           ; 0            ; 0       ; 0         ; 0    ; 0            ; |ReactionGame_Demo|Bin2BCD:bin2bcd|lpm_divide:Div0                                                                                 ; lpm_divide          ; work         ;
;          |lpm_divide_2jm:auto_generated|  ; 172 (0)             ; 0 (0)                     ; 0           ; 0            ; 0       ; 0         ; 0    ; 0            ; |ReactionGame_Demo|Bin2BCD:bin2bcd|lpm_divide:Div0|lpm_divide_2jm:auto_generated                                                   ; lpm_divide_2jm      ; work         ;
;             |sign_div_unsign_qlh:divider| ; 172 (0)             ; 0 (0)                     ; 0           ; 0            ; 0       ; 0         ; 0    ; 0            ; |ReactionGame_Demo|Bin2BCD:bin2bcd|lpm_divide:Div0|lpm_divide_2jm:auto_generated|sign_div_unsign_qlh:divider                       ; sign_div_unsign_qlh ; work         ;
;                |alt_u_div_87f:divider|    ; 172 (172)           ; 0 (0)                     ; 0           ; 0            ; 0       ; 0         ; 0    ; 0            ; |ReactionGame_Demo|Bin2BCD:bin2bcd|lpm_divide:Div0|lpm_divide_2jm:auto_generated|sign_div_unsign_qlh:divider|alt_u_div_87f:divider ; alt_u_div_87f       ; work         ;
;       |lpm_divide:Div1|                   ; 201 (0)             ; 0 (0)                     ; 0           ; 0            ; 0       ; 0         ; 0    ; 0            ; |ReactionGame_Demo|Bin2BCD:bin2bcd|lpm_divide:Div1                                                                                 ; lpm_divide          ; work         ;
;          |lpm_divide_5jm:auto_generated|  ; 201 (0)             ; 0 (0)                     ; 0           ; 0            ; 0       ; 0         ; 0    ; 0            ; |ReactionGame_Demo|Bin2BCD:bin2bcd|lpm_divide:Div1|lpm_divide_5jm:auto_generated                                                   ; lpm_divide_5jm      ; work         ;
;             |sign_div_unsign_tlh:divider| ; 201 (0)             ; 0 (0)                     ; 0           ; 0            ; 0       ; 0         ; 0    ; 0            ; |ReactionGame_Demo|Bin2BCD:bin2bcd|lpm_divide:Div1|lpm_divide_5jm:auto_generated|sign_div_unsign_tlh:divider                       ; sign_div_unsign_tlh ; work         ;
;                |alt_u_div_e7f:divider|    ; 201 (201)           ; 0 (0)                     ; 0           ; 0            ; 0       ; 0         ; 0    ; 0            ; |ReactionGame_Demo|Bin2BCD:bin2bcd|lpm_divide:Div1|lpm_divide_5jm:auto_generated|sign_div_unsign_tlh:divider|alt_u_div_e7f:divider ; alt_u_div_e7f       ; work         ;
;       |lpm_divide:Div2|                   ; 185 (0)             ; 0 (0)                     ; 0           ; 0            ; 0       ; 0         ; 0    ; 0            ; |ReactionGame_Demo|Bin2BCD:bin2bcd|lpm_divide:Div2                                                                                 ; lpm_divide          ; work         ;
;          |lpm_divide_fkm:auto_generated|  ; 185 (0)             ; 0 (0)                     ; 0           ; 0            ; 0       ; 0         ; 0    ; 0            ; |ReactionGame_Demo|Bin2BCD:bin2bcd|lpm_divide:Div2|lpm_divide_fkm:auto_generated                                                   ; lpm_divide_fkm      ; work         ;
;             |sign_div_unsign_7nh:divider| ; 185 (0)             ; 0 (0)                     ; 0           ; 0            ; 0       ; 0         ; 0    ; 0            ; |ReactionGame_Demo|Bin2BCD:bin2bcd|lpm_divide:Div2|lpm_divide_fkm:auto_generated|sign_div_unsign_7nh:divider                       ; sign_div_unsign_7nh ; work         ;
;                |alt_u_div_2af:divider|    ; 185 (185)           ; 0 (0)                     ; 0           ; 0            ; 0       ; 0         ; 0    ; 0            ; |ReactionGame_Demo|Bin2BCD:bin2bcd|lpm_divide:Div2|lpm_divide_fkm:auto_generated|sign_div_unsign_7nh:divider|alt_u_div_2af:divider ; alt_u_div_2af       ; work         ;
;       |lpm_divide:Div3|                   ; 82 (0)              ; 0 (0)                     ; 0           ; 0            ; 0       ; 0         ; 0    ; 0            ; |ReactionGame_Demo|Bin2BCD:bin2bcd|lpm_divide:Div3                                                                                 ; lpm_divide          ; work         ;
;          |lpm_divide_jkm:auto_generated|  ; 82 (0)              ; 0 (0)                     ; 0           ; 0            ; 0       ; 0         ; 0    ; 0            ; |ReactionGame_Demo|Bin2BCD:bin2bcd|lpm_divide:Div3|lpm_divide_jkm:auto_generated                                                   ; lpm_divide_jkm      ; work         ;
;             |sign_div_unsign_bnh:divider| ; 82 (0)              ; 0 (0)                     ; 0           ; 0            ; 0       ; 0         ; 0    ; 0            ; |ReactionGame_Demo|Bin2BCD:bin2bcd|lpm_divide:Div3|lpm_divide_jkm:auto_generated|sign_div_unsign_bnh:divider                       ; sign_div_unsign_bnh ; work         ;
;                |alt_u_div_aaf:divider|    ; 82 (82)             ; 0 (0)                     ; 0           ; 0            ; 0       ; 0         ; 0    ; 0            ; |ReactionGame_Demo|Bin2BCD:bin2bcd|lpm_divide:Div3|lpm_divide_jkm:auto_generated|sign_div_unsign_bnh:divider|alt_u_div_aaf:divider ; alt_u_div_aaf       ; work         ;
;       |lpm_divide:Mod0|                   ; 361 (0)             ; 0 (0)                     ; 0           ; 0            ; 0       ; 0         ; 0    ; 0            ; |ReactionGame_Demo|Bin2BCD:bin2bcd|lpm_divide:Mod0                                                                                 ; lpm_divide          ; work         ;
;          |lpm_divide_ocm:auto_generated|  ; 361 (0)             ; 0 (0)                     ; 0           ; 0            ; 0       ; 0         ; 0    ; 0            ; |ReactionGame_Demo|Bin2BCD:bin2bcd|lpm_divide:Mod0|lpm_divide_ocm:auto_generated                                                   ; lpm_divide_ocm      ; work         ;
;             |sign_div_unsign_dnh:divider| ; 361 (0)             ; 0 (0)                     ; 0           ; 0            ; 0       ; 0         ; 0    ; 0            ; |ReactionGame_Demo|Bin2BCD:bin2bcd|lpm_divide:Mod0|lpm_divide_ocm:auto_generated|sign_div_unsign_dnh:divider                       ; sign_div_unsign_dnh ; work         ;
;                |alt_u_div_eaf:divider|    ; 361 (361)           ; 0 (0)                     ; 0           ; 0            ; 0       ; 0         ; 0    ; 0            ; |ReactionGame_Demo|Bin2BCD:bin2bcd|lpm_divide:Mod0|lpm_divide_ocm:auto_generated|sign_div_unsign_dnh:divider|alt_u_div_eaf:divider ; alt_u_div_eaf       ; work         ;
;       |lpm_divide:Mod1|                   ; 342 (0)             ; 0 (0)                     ; 0           ; 0            ; 0       ; 0         ; 0    ; 0            ; |ReactionGame_Demo|Bin2BCD:bin2bcd|lpm_divide:Mod1                                                                                 ; lpm_divide          ; work         ;
;          |lpm_divide_ocm:auto_generated|  ; 342 (0)             ; 0 (0)                     ; 0           ; 0            ; 0       ; 0         ; 0    ; 0            ; |ReactionGame_Demo|Bin2BCD:bin2bcd|lpm_divide:Mod1|lpm_divide_ocm:auto_generated                                                   ; lpm_divide_ocm      ; work         ;
;             |sign_div_unsign_dnh:divider| ; 342 (0)             ; 0 (0)                     ; 0           ; 0            ; 0       ; 0         ; 0    ; 0            ; |ReactionGame_Demo|Bin2BCD:bin2bcd|lpm_divide:Mod1|lpm_divide_ocm:auto_generated|sign_div_unsign_dnh:divider                       ; sign_div_unsign_dnh ; work         ;
;                |alt_u_div_eaf:divider|    ; 342 (342)           ; 0 (0)                     ; 0           ; 0            ; 0       ; 0         ; 0    ; 0            ; |ReactionGame_Demo|Bin2BCD:bin2bcd|lpm_divide:Mod1|lpm_divide_ocm:auto_generated|sign_div_unsign_dnh:divider|alt_u_div_eaf:divider ; alt_u_div_eaf       ; work         ;
;       |lpm_divide:Mod2|                   ; 241 (0)             ; 0 (0)                     ; 0           ; 0            ; 0       ; 0         ; 0    ; 0            ; |ReactionGame_Demo|Bin2BCD:bin2bcd|lpm_divide:Mod2                                                                                 ; lpm_divide          ; work         ;
;          |lpm_divide_ocm:auto_generated|  ; 241 (0)             ; 0 (0)                     ; 0           ; 0            ; 0       ; 0         ; 0    ; 0            ; |ReactionGame_Demo|Bin2BCD:bin2bcd|lpm_divide:Mod2|lpm_divide_ocm:auto_generated                                                   ; lpm_divide_ocm      ; work         ;
;             |sign_div_unsign_dnh:divider| ; 241 (0)             ; 0 (0)                     ; 0           ; 0            ; 0       ; 0         ; 0    ; 0            ; |ReactionGame_Demo|Bin2BCD:bin2bcd|lpm_divide:Mod2|lpm_divide_ocm:auto_generated|sign_div_unsign_dnh:divider                       ; sign_div_unsign_dnh ; work         ;
;                |alt_u_div_eaf:divider|    ; 241 (241)           ; 0 (0)                     ; 0           ; 0            ; 0       ; 0         ; 0    ; 0            ; |ReactionGame_Demo|Bin2BCD:bin2bcd|lpm_divide:Mod2|lpm_divide_ocm:auto_generated|sign_div_unsign_dnh:divider|alt_u_div_eaf:divider ; alt_u_div_eaf       ; work         ;
;       |lpm_divide:Mod3|                   ; 115 (0)             ; 0 (0)                     ; 0           ; 0            ; 0       ; 0         ; 0    ; 0            ; |ReactionGame_Demo|Bin2BCD:bin2bcd|lpm_divide:Mod3                                                                                 ; lpm_divide          ; work         ;
;          |lpm_divide_ocm:auto_generated|  ; 115 (0)             ; 0 (0)                     ; 0           ; 0            ; 0       ; 0         ; 0    ; 0            ; |ReactionGame_Demo|Bin2BCD:bin2bcd|lpm_divide:Mod3|lpm_divide_ocm:auto_generated                                                   ; lpm_divide_ocm      ; work         ;
;             |sign_div_unsign_dnh:divider| ; 115 (0)             ; 0 (0)                     ; 0           ; 0            ; 0       ; 0         ; 0    ; 0            ; |ReactionGame_Demo|Bin2BCD:bin2bcd|lpm_divide:Mod3|lpm_divide_ocm:auto_generated|sign_div_unsign_dnh:divider                       ; sign_div_unsign_dnh ; work         ;
;                |alt_u_div_eaf:divider|    ; 115 (115)           ; 0 (0)                     ; 0           ; 0            ; 0       ; 0         ; 0    ; 0            ; |ReactionGame_Demo|Bin2BCD:bin2bcd|lpm_divide:Mod3|lpm_divide_ocm:auto_generated|sign_div_unsign_dnh:divider|alt_u_div_eaf:divider ; alt_u_div_eaf       ; work         ;
;    |Bin7SegDecoder:bin7cent|              ; 14 (14)             ; 0 (0)                     ; 0           ; 0            ; 0       ; 0         ; 0    ; 0            ; |ReactionGame_Demo|Bin7SegDecoder:bin7cent                                                                                         ; Bin7SegDecoder      ; work         ;
;    |Bin7SegDecoder:bin7dec|               ; 14 (14)             ; 0 (0)                     ; 0           ; 0            ; 0       ; 0         ; 0    ; 0            ; |ReactionGame_Demo|Bin7SegDecoder:bin7dec                                                                                          ; Bin7SegDecoder      ; work         ;
;    |Bin7SegDecoder:bin7mili|              ; 14 (14)             ; 0 (0)                     ; 0           ; 0            ; 0       ; 0         ; 0    ; 0            ; |ReactionGame_Demo|Bin7SegDecoder:bin7mili                                                                                         ; Bin7SegDecoder      ; work         ;
;    |Bin7SegDecoder:bin7ten|               ; 7 (7)               ; 0 (0)                     ; 0           ; 0            ; 0       ; 0         ; 0    ; 0            ; |ReactionGame_Demo|Bin7SegDecoder:bin7ten                                                                                          ; Bin7SegDecoder      ; work         ;
;    |Bin7SegDecoder:bin7uni|               ; 14 (14)             ; 0 (0)                     ; 0           ; 0            ; 0       ; 0         ; 0    ; 0            ; |ReactionGame_Demo|Bin7SegDecoder:bin7uni                                                                                          ; Bin7SegDecoder      ; work         ;
;    |Debouncer:debounce|                   ; 70 (70)             ; 26 (26)                   ; 0           ; 0            ; 0       ; 0         ; 0    ; 0            ; |ReactionGame_Demo|Debouncer:debounce                                                                                              ; Debouncer           ; work         ;
;    |ReactionGame:reaction_game|           ; 175 (0)             ; 102 (0)                   ; 0           ; 0            ; 0       ; 0         ; 0    ; 0            ; |ReactionGame_Demo|ReactionGame:reaction_game                                                                                      ; ReactionGame        ; work         ;
;       |CounterNBits:chronometer|          ; 17 (17)             ; 16 (16)                   ; 0           ; 0            ; 0       ; 0         ; 0    ; 0            ; |ReactionGame_Demo|ReactionGame:reaction_game|CounterNBits:chronometer                                                             ; CounterNBits        ; work         ;
;       |CounterNBits:rand_counter|         ; 84 (84)             ; 32 (32)                   ; 0           ; 0            ; 0       ; 0         ; 0    ; 0            ; |ReactionGame_Demo|ReactionGame:reaction_game|CounterNBits:rand_counter                                                            ; CounterNBits        ; work         ;
;       |PulseGen:pulse_1000hz|             ; 23 (23)             ; 17 (17)                   ; 0           ; 0            ; 0       ; 0         ; 0    ; 0            ; |ReactionGame_Demo|ReactionGame:reaction_game|PulseGen:pulse_1000hz                                                                ; PulseGen            ; work         ;
;       |SingleTurnFSM:turn_fsm|            ; 51 (51)             ; 37 (37)                   ; 0           ; 0            ; 0       ; 0         ; 0    ; 0            ; |ReactionGame_Demo|ReactionGame:reaction_game|SingleTurnFSM:turn_fsm                                                               ; SingleTurnFSM       ; work         ;
+-------------------------------------------+---------------------+---------------------------+-------------+--------------+---------+-----------+------+--------------+------------------------------------------------------------------------------------------------------------------------------------+---------------------+--------------+
Note: For table entries with two numbers listed, the numbers in parentheses indicate the number of resources of the given type used by the specific entity alone. The numbers listed outside of parentheses indicate the total resources of the given type used by the specific entity and all of its sub-entities in the hierarchy.


Encoding Type:  One-Hot
+---------------------------------------------------------------------------------------------+
; State Machine - |ReactionGame_Demo|ReactionGame:reaction_game|SingleTurnFSM:turn_fsm|pState ;
+--------------+-------------+--------------+--------------+----------------------------------+
; Name         ; pState.PLAY ; pState.DELAY ; pState.READY ; pState.IDLE                      ;
+--------------+-------------+--------------+--------------+----------------------------------+
; pState.IDLE  ; 0           ; 0            ; 0            ; 0                                ;
; pState.READY ; 0           ; 0            ; 1            ; 1                                ;
; pState.DELAY ; 0           ; 1            ; 0            ; 1                                ;
; pState.PLAY  ; 1           ; 0            ; 0            ; 1                                ;
+--------------+-------------+--------------+--------------+----------------------------------+


+--------------------------------------------------------------------------------------------------------------------------------------+
; Registers Removed During Synthesis                                                                                                   ;
+-------------------------------------------------------------+------------------------------------------------------------------------+
; Register name                                               ; Reason for Removal                                                     ;
+-------------------------------------------------------------+------------------------------------------------------------------------+
; ReactionGame:reaction_game|SingleTurnFSM:turn_fsm|ledOn     ; Merged with ReactionGame:reaction_game|SingleTurnFSM:turn_fsm|run_time ;
; ReactionGame:reaction_game|CounterNBits:chronometer|termCnt ; Stuck at GND due to stuck port data_in                                 ;
; Total Number of Removed Registers = 2                       ;                                                                        ;
+-------------------------------------------------------------+------------------------------------------------------------------------+


+------------------------------------------------------+
; General Register Statistics                          ;
+----------------------------------------------+-------+
; Statistic                                    ; Value ;
+----------------------------------------------+-------+
; Total registers                              ; 129   ;
; Number of registers using Synchronous Clear  ; 34    ;
; Number of registers using Synchronous Load   ; 32    ;
; Number of registers using Asynchronous Clear ; 0     ;
; Number of registers using Asynchronous Load  ; 0     ;
; Number of registers using Clock Enable       ; 67    ;
; Number of registers using Preset             ; 0     ;
+----------------------------------------------+-------+


+------------------------------------------------------------------------------+
; Inverted Register Statistics                                                 ;
+--------------------------------------------------------------------+---------+
; Inverted Register                                                  ; Fan out ;
+--------------------------------------------------------------------+---------+
; ReactionGame:reaction_game|CounterNBits:rand_counter|cnt_value[7]  ; 3       ;
; ReactionGame:reaction_game|CounterNBits:rand_counter|cnt_value[8]  ; 3       ;
; ReactionGame:reaction_game|CounterNBits:rand_counter|cnt_value[12] ; 3       ;
; ReactionGame:reaction_game|CounterNBits:rand_counter|cnt_value[14] ; 3       ;
; ReactionGame:reaction_game|CounterNBits:rand_counter|cnt_value[15] ; 3       ;
; ReactionGame:reaction_game|CounterNBits:rand_counter|cnt_value[20] ; 3       ;
; ReactionGame:reaction_game|CounterNBits:rand_counter|cnt_value[22] ; 3       ;
; ReactionGame:reaction_game|CounterNBits:rand_counter|cnt_value[21] ; 3       ;
; ReactionGame:reaction_game|CounterNBits:rand_counter|cnt_value[23] ; 3       ;
; ReactionGame:reaction_game|CounterNBits:rand_counter|cnt_value[27] ; 3       ;
; Total number of inverted registers = 10                            ;         ;
+--------------------------------------------------------------------+---------+


+-----------------------------------------------------------------------------------------------------------------------------------------------------------------------------------------------------+
; Multiplexer Restructuring Statistics (Restructuring Performed)                                                                                                                                      ;
+--------------------+-----------+---------------+----------------------+------------------------+------------+---------------------------------------------------------------------------------------+
; Multiplexer Inputs ; Bus Width ; Baseline Area ; Area if Restructured ; Saving if Restructured ; Registered ; Example Multiplexer Output                                                            ;
+--------------------+-----------+---------------+----------------------+------------------------+------------+---------------------------------------------------------------------------------------+
; 3:1                ; 16 bits   ; 32 LEs        ; 16 LEs               ; 16 LEs                 ; Yes        ; |ReactionGame_Demo|ReactionGame:reaction_game|CounterNBits:chronometer|cnt_value[7]   ;
; 3:1                ; 16 bits   ; 32 LEs        ; 16 LEs               ; 16 LEs                 ; Yes        ; |ReactionGame_Demo|ReactionGame:reaction_game|PulseGen:pulse_1000hz|s_cnt[15]         ;
; 3:1                ; 22 bits   ; 44 LEs        ; 22 LEs               ; 22 LEs                 ; Yes        ; |ReactionGame_Demo|ReactionGame:reaction_game|CounterNBits:rand_counter|cnt_value[2]  ;
; 4:1                ; 32 bits   ; 64 LEs        ; 32 LEs               ; 32 LEs                 ; Yes        ; |ReactionGame_Demo|ReactionGame:reaction_game|SingleTurnFSM:turn_fsm|s_delayTime[16]  ;
; 5:1                ; 23 bits   ; 69 LEs        ; 46 LEs               ; 23 LEs                 ; Yes        ; |ReactionGame_Demo|Debouncer:debounce|s_debounceCnt[11]                               ;
; 3:1                ; 10 bits   ; 20 LEs        ; 10 LEs               ; 10 LEs                 ; Yes        ; |ReactionGame_Demo|ReactionGame:reaction_game|CounterNBits:rand_counter|cnt_value[27] ;
+--------------------+-----------+---------------+----------------------+------------------------+------------+---------------------------------------------------------------------------------------+


+-----------------------------------------------------------------+
; Parameter Settings for User Entity Instance: Debouncer:debounce ;
+----------------+-------+----------------------------------------+
; Parameter Name ; Value ; Type                                   ;
+----------------+-------+----------------------------------------+
; khzclkfreq     ; 50000 ; Signed Integer                         ;
; msecmininwidth ; 100   ; Signed Integer                         ;
; inpolarity     ; '0'   ; Enumerated                             ;
; outpolarity    ; '1'   ; Enumerated                             ;
+----------------+-------+----------------------------------------+
Note: In order to hide this table in the UI and the text report file, please set the "Show Parameter Settings in Synthesis Report" option in "Analysis and Synthesis Settings -> More Settings" to "Off".


+-----------------------------------------------------------------------------------------------+
; Parameter Settings for User Entity Instance: ReactionGame:reaction_game|PulseGen:pulse_1000hz ;
+----------------+-------+----------------------------------------------------------------------+
; Parameter Name ; Value ; Type                                                                 ;
+----------------+-------+----------------------------------------------------------------------+
; max            ; 50000 ; Signed Integer                                                       ;
+----------------+-------+----------------------------------------------------------------------+
Note: In order to hide this table in the UI and the text report file, please set the "Show Parameter Settings in Synthesis Report" option in "Analysis and Synthesis Settings -> More Settings" to "Off".


+---------------------------------------------------------------------------------------------------+
; Parameter Settings for User Entity Instance: ReactionGame:reaction_game|CounterNBits:rand_counter ;
+----------------+-----------+----------------------------------------------------------------------+
; Parameter Name ; Value     ; Type                                                                 ;
+----------------+-----------+----------------------------------------------------------------------+
; n              ; 32        ; Signed Integer                                                       ;
; min            ; 150000000 ; Signed Integer                                                       ;
; max            ; 350000000 ; Signed Integer                                                       ;
+----------------+-----------+----------------------------------------------------------------------+
Note: In order to hide this table in the UI and the text report file, please set the "Show Parameter Settings in Synthesis Report" option in "Analysis and Synthesis Settings -> More Settings" to "Off".


+--------------------------------------------------------------------------------------------------+
; Parameter Settings for User Entity Instance: ReactionGame:reaction_game|CounterNBits:chronometer ;
+----------------+-----------+---------------------------------------------------------------------+
; Parameter Name ; Value     ; Type                                                                ;
+----------------+-----------+---------------------------------------------------------------------+
; n              ; 16        ; Signed Integer                                                      ;
; min            ; 0         ; Signed Integer                                                      ;
; max            ; 500000000 ; Signed Integer                                                      ;
+----------------+-----------+---------------------------------------------------------------------+
Note: In order to hide this table in the UI and the text report file, please set the "Show Parameter Settings in Synthesis Report" option in "Analysis and Synthesis Settings -> More Settings" to "Off".


+----------------------------------------------------------------------------------+
; Parameter Settings for Inferred Entity Instance: Bin2BCD:bin2bcd|lpm_divide:Mod0 ;
+------------------------+----------------+----------------------------------------+
; Parameter Name         ; Value          ; Type                                   ;
+------------------------+----------------+----------------------------------------+
; LPM_WIDTHN             ; 16             ; Untyped                                ;
; LPM_WIDTHD             ; 16             ; Untyped                                ;
; LPM_NREPRESENTATION    ; UNSIGNED       ; Untyped                                ;
; LPM_DREPRESENTATION    ; UNSIGNED       ; Untyped                                ;
; LPM_PIPELINE           ; 0              ; Untyped                                ;
; LPM_REMAINDERPOSITIVE  ; TRUE           ; Untyped                                ;
; MAXIMIZE_SPEED         ; 5              ; Untyped                                ;
; CBXI_PARAMETER         ; lpm_divide_ocm ; Untyped                                ;
; CARRY_CHAIN            ; MANUAL         ; Untyped                                ;
; OPTIMIZE_FOR_SPEED     ; 5              ; Untyped                                ;
; AUTO_CARRY_CHAINS      ; ON             ; AUTO_CARRY                             ;
; IGNORE_CARRY_BUFFERS   ; OFF            ; IGNORE_CARRY                           ;
; AUTO_CASCADE_CHAINS    ; ON             ; AUTO_CASCADE                           ;
; IGNORE_CASCADE_BUFFERS ; OFF            ; IGNORE_CASCADE                         ;
+------------------------+----------------+----------------------------------------+
Note: In order to hide this table in the UI and the text report file, please set the "Show Parameter Settings in Synthesis Report" option in "Analysis and Synthesis Settings -> More Settings" to "Off".


+----------------------------------------------------------------------------------+
; Parameter Settings for Inferred Entity Instance: Bin2BCD:bin2bcd|lpm_divide:Mod1 ;
+------------------------+----------------+----------------------------------------+
; Parameter Name         ; Value          ; Type                                   ;
+------------------------+----------------+----------------------------------------+
; LPM_WIDTHN             ; 16             ; Untyped                                ;
; LPM_WIDTHD             ; 16             ; Untyped                                ;
; LPM_NREPRESENTATION    ; UNSIGNED       ; Untyped                                ;
; LPM_DREPRESENTATION    ; UNSIGNED       ; Untyped                                ;
; LPM_PIPELINE           ; 0              ; Untyped                                ;
; LPM_REMAINDERPOSITIVE  ; TRUE           ; Untyped                                ;
; MAXIMIZE_SPEED         ; 5              ; Untyped                                ;
; CBXI_PARAMETER         ; lpm_divide_ocm ; Untyped                                ;
; CARRY_CHAIN            ; MANUAL         ; Untyped                                ;
; OPTIMIZE_FOR_SPEED     ; 5              ; Untyped                                ;
; AUTO_CARRY_CHAINS      ; ON             ; AUTO_CARRY                             ;
; IGNORE_CARRY_BUFFERS   ; OFF            ; IGNORE_CARRY                           ;
; AUTO_CASCADE_CHAINS    ; ON             ; AUTO_CASCADE                           ;
; IGNORE_CASCADE_BUFFERS ; OFF            ; IGNORE_CASCADE                         ;
+------------------------+----------------+----------------------------------------+
Note: In order to hide this table in the UI and the text report file, please set the "Show Parameter Settings in Synthesis Report" option in "Analysis and Synthesis Settings -> More Settings" to "Off".


+----------------------------------------------------------------------------------+
; Parameter Settings for Inferred Entity Instance: Bin2BCD:bin2bcd|lpm_divide:Div0 ;
+------------------------+----------------+----------------------------------------+
; Parameter Name         ; Value          ; Type                                   ;
+------------------------+----------------+----------------------------------------+
; LPM_WIDTHN             ; 16             ; Untyped                                ;
; LPM_WIDTHD             ; 4              ; Untyped                                ;
; LPM_NREPRESENTATION    ; UNSIGNED       ; Untyped                                ;
; LPM_DREPRESENTATION    ; UNSIGNED       ; Untyped                                ;
; LPM_PIPELINE           ; 0              ; Untyped                                ;
; LPM_REMAINDERPOSITIVE  ; TRUE           ; Untyped                                ;
; MAXIMIZE_SPEED         ; 5              ; Untyped                                ;
; CBXI_PARAMETER         ; lpm_divide_2jm ; Untyped                                ;
; CARRY_CHAIN            ; MANUAL         ; Untyped                                ;
; OPTIMIZE_FOR_SPEED     ; 5              ; Untyped                                ;
; AUTO_CARRY_CHAINS      ; ON             ; AUTO_CARRY                             ;
; IGNORE_CARRY_BUFFERS   ; OFF            ; IGNORE_CARRY                           ;
; AUTO_CASCADE_CHAINS    ; ON             ; AUTO_CASCADE                           ;
; IGNORE_CASCADE_BUFFERS ; OFF            ; IGNORE_CASCADE                         ;
+------------------------+----------------+----------------------------------------+
Note: In order to hide this table in the UI and the text report file, please set the "Show Parameter Settings in Synthesis Report" option in "Analysis and Synthesis Settings -> More Settings" to "Off".


+----------------------------------------------------------------------------------+
; Parameter Settings for Inferred Entity Instance: Bin2BCD:bin2bcd|lpm_divide:Div1 ;
+------------------------+----------------+----------------------------------------+
; Parameter Name         ; Value          ; Type                                   ;
+------------------------+----------------+----------------------------------------+
; LPM_WIDTHN             ; 16             ; Untyped                                ;
; LPM_WIDTHD             ; 7              ; Untyped                                ;
; LPM_NREPRESENTATION    ; UNSIGNED       ; Untyped                                ;
; LPM_DREPRESENTATION    ; UNSIGNED       ; Untyped                                ;
; LPM_PIPELINE           ; 0              ; Untyped                                ;
; LPM_REMAINDERPOSITIVE  ; TRUE           ; Untyped                                ;
; MAXIMIZE_SPEED         ; 5              ; Untyped                                ;
; CBXI_PARAMETER         ; lpm_divide_5jm ; Untyped                                ;
; CARRY_CHAIN            ; MANUAL         ; Untyped                                ;
; OPTIMIZE_FOR_SPEED     ; 5              ; Untyped                                ;
; AUTO_CARRY_CHAINS      ; ON             ; AUTO_CARRY                             ;
; IGNORE_CARRY_BUFFERS   ; OFF            ; IGNORE_CARRY                           ;
; AUTO_CASCADE_CHAINS    ; ON             ; AUTO_CASCADE                           ;
; IGNORE_CASCADE_BUFFERS ; OFF            ; IGNORE_CASCADE                         ;
+------------------------+----------------+----------------------------------------+
Note: In order to hide this table in the UI and the text report file, please set the "Show Parameter Settings in Synthesis Report" option in "Analysis and Synthesis Settings -> More Settings" to "Off".


+----------------------------------------------------------------------------------+
; Parameter Settings for Inferred Entity Instance: Bin2BCD:bin2bcd|lpm_divide:Mod2 ;
+------------------------+----------------+----------------------------------------+
; Parameter Name         ; Value          ; Type                                   ;
+------------------------+----------------+----------------------------------------+
; LPM_WIDTHN             ; 16             ; Untyped                                ;
; LPM_WIDTHD             ; 16             ; Untyped                                ;
; LPM_NREPRESENTATION    ; UNSIGNED       ; Untyped                                ;
; LPM_DREPRESENTATION    ; UNSIGNED       ; Untyped                                ;
; LPM_PIPELINE           ; 0              ; Untyped                                ;
; LPM_REMAINDERPOSITIVE  ; TRUE           ; Untyped                                ;
; MAXIMIZE_SPEED         ; 5              ; Untyped                                ;
; CBXI_PARAMETER         ; lpm_divide_ocm ; Untyped                                ;
; CARRY_CHAIN            ; MANUAL         ; Untyped                                ;
; OPTIMIZE_FOR_SPEED     ; 5              ; Untyped                                ;
; AUTO_CARRY_CHAINS      ; ON             ; AUTO_CARRY                             ;
; IGNORE_CARRY_BUFFERS   ; OFF            ; IGNORE_CARRY                           ;
; AUTO_CASCADE_CHAINS    ; ON             ; AUTO_CASCADE                           ;
; IGNORE_CASCADE_BUFFERS ; OFF            ; IGNORE_CASCADE                         ;
+------------------------+----------------+----------------------------------------+
Note: In order to hide this table in the UI and the text report file, please set the "Show Parameter Settings in Synthesis Report" option in "Analysis and Synthesis Settings -> More Settings" to "Off".


+----------------------------------------------------------------------------------+
; Parameter Settings for Inferred Entity Instance: Bin2BCD:bin2bcd|lpm_divide:Div2 ;
+------------------------+----------------+----------------------------------------+
; Parameter Name         ; Value          ; Type                                   ;
+------------------------+----------------+----------------------------------------+
; LPM_WIDTHN             ; 16             ; Untyped                                ;
; LPM_WIDTHD             ; 10             ; Untyped                                ;
; LPM_NREPRESENTATION    ; UNSIGNED       ; Untyped                                ;
; LPM_DREPRESENTATION    ; UNSIGNED       ; Untyped                                ;
; LPM_PIPELINE           ; 0              ; Untyped                                ;
; LPM_REMAINDERPOSITIVE  ; TRUE           ; Untyped                                ;
; MAXIMIZE_SPEED         ; 5              ; Untyped                                ;
; CBXI_PARAMETER         ; lpm_divide_fkm ; Untyped                                ;
; CARRY_CHAIN            ; MANUAL         ; Untyped                                ;
; OPTIMIZE_FOR_SPEED     ; 5              ; Untyped                                ;
; AUTO_CARRY_CHAINS      ; ON             ; AUTO_CARRY                             ;
; IGNORE_CARRY_BUFFERS   ; OFF            ; IGNORE_CARRY                           ;
; AUTO_CASCADE_CHAINS    ; ON             ; AUTO_CASCADE                           ;
; IGNORE_CASCADE_BUFFERS ; OFF            ; IGNORE_CASCADE                         ;
+------------------------+----------------+----------------------------------------+
Note: In order to hide this table in the UI and the text report file, please set the "Show Parameter Settings in Synthesis Report" option in "Analysis and Synthesis Settings -> More Settings" to "Off".


+----------------------------------------------------------------------------------+
; Parameter Settings for Inferred Entity Instance: Bin2BCD:bin2bcd|lpm_divide:Mod3 ;
+------------------------+----------------+----------------------------------------+
; Parameter Name         ; Value          ; Type                                   ;
+------------------------+----------------+----------------------------------------+
; LPM_WIDTHN             ; 16             ; Untyped                                ;
; LPM_WIDTHD             ; 16             ; Untyped                                ;
; LPM_NREPRESENTATION    ; UNSIGNED       ; Untyped                                ;
; LPM_DREPRESENTATION    ; UNSIGNED       ; Untyped                                ;
; LPM_PIPELINE           ; 0              ; Untyped                                ;
; LPM_REMAINDERPOSITIVE  ; TRUE           ; Untyped                                ;
; MAXIMIZE_SPEED         ; 5              ; Untyped                                ;
; CBXI_PARAMETER         ; lpm_divide_ocm ; Untyped                                ;
; CARRY_CHAIN            ; MANUAL         ; Untyped                                ;
; OPTIMIZE_FOR_SPEED     ; 5              ; Untyped                                ;
; AUTO_CARRY_CHAINS      ; ON             ; AUTO_CARRY                             ;
; IGNORE_CARRY_BUFFERS   ; OFF            ; IGNORE_CARRY                           ;
; AUTO_CASCADE_CHAINS    ; ON             ; AUTO_CASCADE                           ;
; IGNORE_CASCADE_BUFFERS ; OFF            ; IGNORE_CASCADE                         ;
+------------------------+----------------+----------------------------------------+
Note: In order to hide this table in the UI and the text report file, please set the "Show Parameter Settings in Synthesis Report" option in "Analysis and Synthesis Settings -> More Settings" to "Off".


+----------------------------------------------------------------------------------+
; Parameter Settings for Inferred Entity Instance: Bin2BCD:bin2bcd|lpm_divide:Div3 ;
+------------------------+----------------+----------------------------------------+
; Parameter Name         ; Value          ; Type                                   ;
+------------------------+----------------+----------------------------------------+
; LPM_WIDTHN             ; 16             ; Untyped                                ;
; LPM_WIDTHD             ; 14             ; Untyped                                ;
; LPM_NREPRESENTATION    ; UNSIGNED       ; Untyped                                ;
; LPM_DREPRESENTATION    ; UNSIGNED       ; Untyped                                ;
; LPM_PIPELINE           ; 0              ; Untyped                                ;
; LPM_REMAINDERPOSITIVE  ; TRUE           ; Untyped                                ;
; MAXIMIZE_SPEED         ; 5              ; Untyped                                ;
; CBXI_PARAMETER         ; lpm_divide_jkm ; Untyped                                ;
; CARRY_CHAIN            ; MANUAL         ; Untyped                                ;
; OPTIMIZE_FOR_SPEED     ; 5              ; Untyped                                ;
; AUTO_CARRY_CHAINS      ; ON             ; AUTO_CARRY                             ;
; IGNORE_CARRY_BUFFERS   ; OFF            ; IGNORE_CARRY                           ;
; AUTO_CASCADE_CHAINS    ; ON             ; AUTO_CASCADE                           ;
; IGNORE_CASCADE_BUFFERS ; OFF            ; IGNORE_CASCADE                         ;
+------------------------+----------------+----------------------------------------+
Note: In order to hide this table in the UI and the text report file, please set the "Show Parameter Settings in Synthesis Report" option in "Analysis and Synthesis Settings -> More Settings" to "Off".


+-------------------------------------------------------------------------------------------------------------------+
; Port Connectivity Checks: "ReactionGame:reaction_game|CounterNBits:rand_counter"                                  ;
+---------+--------+----------+-------------------------------------------------------------------------------------+
; Port    ; Type   ; Severity ; Details                                                                             ;
+---------+--------+----------+-------------------------------------------------------------------------------------+
; enable1 ; Input  ; Info     ; Stuck at VCC                                                                        ;
; enable2 ; Input  ; Info     ; Stuck at VCC                                                                        ;
; termcnt ; Output ; Info     ; Connected to dangling logic. Logic that only feeds a dangling port will be removed. ;
+---------+--------+----------+-------------------------------------------------------------------------------------+


+-----------------------------------------------------------------------------------------------------------------+
; Port Connectivity Checks: "ReactionGame:reaction_game"                                                          ;
+-------+--------+----------+-------------------------------------------------------------------------------------+
; Port  ; Type   ; Severity ; Details                                                                             ;
+-------+--------+----------+-------------------------------------------------------------------------------------+
; state ; Output ; Info     ; Connected to dangling logic. Logic that only feeds a dangling port will be removed. ;
+-------+--------+----------+-------------------------------------------------------------------------------------+


+-----------------------------------------------------+
; Post-Synthesis Netlist Statistics for Top Partition ;
+-----------------------+-----------------------------+
; Type                  ; Count                       ;
+-----------------------+-----------------------------+
; boundary_port         ; 46                          ;
; cycloneiii_ff         ; 129                         ;
;     ENA               ; 19                          ;
;     ENA SCLR          ; 16                          ;
;     ENA SLD           ; 32                          ;
;     SCLR              ; 18                          ;
;     plain             ; 44                          ;
; cycloneiii_lcell_comb ; 2007                        ;
;     arith             ; 653                         ;
;         1 data inputs ; 15                          ;
;         2 data inputs ; 158                         ;
;         3 data inputs ; 480                         ;
;     normal            ; 1354                        ;
;         0 data inputs ; 67                          ;
;         1 data inputs ; 27                          ;
;         2 data inputs ; 721                         ;
;         3 data inputs ; 35                          ;
;         4 data inputs ; 504                         ;
;                       ;                             ;
; Max LUT depth         ; 61.60                       ;
; Average LUT depth     ; 33.03                       ;
+-----------------------+-----------------------------+


+-------------------------------+
; Elapsed Time Per Partition    ;
+----------------+--------------+
; Partition Name ; Elapsed Time ;
+----------------+--------------+
; Top            ; 00:00:04     ;
+----------------+--------------+


+-------------------------------+
; Analysis & Synthesis Messages ;
+-------------------------------+
Info: *******************************************************************
Info: Running Quartus Prime Analysis & Synthesis
    Info: Version 22.1std.2 Build 922 07/20/2023 SC Lite Edition
    Info: Processing started: Sun May 26 17:10:38 2024
Info: Command: quartus_map --read_settings_files=on --write_settings_files=off ReactionGame -c ReactionGame
Warning (18236): Number of processors has not been specified which may cause overloading on shared machines.  Set the global assignment NUM_PARALLEL_PROCESSORS in your QSF to an appropriate value for best performance.
Info (20030): Parallel compilation is enabled and will use 4 of the 4 processors detected
Info (12021): Found 2 design units, including 1 entities, in source file Debouncer.vhd
    Info (12022): Found design unit 1: Debouncer-Behavioral File: /home/penacho/LSD/LSD-final-project/SingleProc/Fase1/Debouncer.vhd Line: 15
    Info (12023): Found entity 1: Debouncer File: /home/penacho/LSD/LSD-final-project/SingleProc/Fase1/Debouncer.vhd Line: 5
Info (12021): Found 2 design units, including 1 entities, in source file SingleTurnFSM.vhd
    Info (12022): Found design unit 1: SingleTurnFSM-Behavioral File: /home/penacho/LSD/LSD-final-project/SingleProc/Fase1/SingleTurnFSM.vhd Line: 17
    Info (12023): Found entity 1: SingleTurnFSM File: /home/penacho/LSD/LSD-final-project/SingleProc/Fase1/SingleTurnFSM.vhd Line: 5
Info (12021): Found 2 design units, including 1 entities, in source file CounterNBits.vhd
    Info (12022): Found design unit 1: CounterNBits-Behavioral File: /home/penacho/LSD/LSD-final-project/SingleProc/Fase1/CounterNBits.vhd Line: 21
    Info (12023): Found entity 1: CounterNBits File: /home/penacho/LSD/LSD-final-project/SingleProc/Fase1/CounterNBits.vhd Line: 5
Info (12021): Found 2 design units, including 1 entities, in source file Bin7SegDecoder.vhd
    Info (12022): Found design unit 1: Bin7SegDecoder-Behavioral File: /home/penacho/LSD/LSD-final-project/SingleProc/Fase1/Bin7SegDecoder.vhd Line: 10
    Info (12023): Found entity 1: Bin7SegDecoder File: /home/penacho/LSD/LSD-final-project/SingleProc/Fase1/Bin7SegDecoder.vhd Line: 4
Info (12021): Found 2 design units, including 1 entities, in source file Bin2BCD.vhd
    Info (12022): Found design unit 1: Bin2BCD-Behavioral File: /home/penacho/LSD/LSD-final-project/SingleProc/Fase1/Bin2BCD.vhd Line: 16
    Info (12023): Found entity 1: Bin2BCD File: /home/penacho/LSD/LSD-final-project/SingleProc/Fase1/Bin2BCD.vhd Line: 5
Info (12021): Found 2 design units, including 1 entities, in source file PulseGen.vhd
    Info (12022): Found design unit 1: PulseGen-Behavioral File: /home/penacho/LSD/LSD-final-project/SingleProc/Fase1/PulseGen.vhd Line: 14
    Info (12023): Found entity 1: PulseGen File: /home/penacho/LSD/LSD-final-project/SingleProc/Fase1/PulseGen.vhd Line: 5
Info (12021): Found 2 design units, including 1 entities, in source file Bin2BCD_tb.vhd
    Info (12022): Found design unit 1: Bin2BCD_tb-Stimulus File: /home/penacho/LSD/LSD-final-project/SingleProc/Fase1/Bin2BCD_tb.vhd Line: 7
    Info (12023): Found entity 1: Bin2BCD_tb File: /home/penacho/LSD/LSD-final-project/SingleProc/Fase1/Bin2BCD_tb.vhd Line: 4
Info (12021): Found 2 design units, including 1 entities, in source file SingleTurnFSM_tb.vhd
    Info (12022): Found design unit 1: SingleTurnFSM_tb-Stimulus File: /home/penacho/LSD/LSD-final-project/SingleProc/Fase1/SingleTurnFSM_tb.vhd Line: 7
    Info (12023): Found entity 1: SingleTurnFSM_tb File: /home/penacho/LSD/LSD-final-project/SingleProc/Fase1/SingleTurnFSM_tb.vhd Line: 4
Info (12021): Found 2 design units, including 1 entities, in source file ReactionGame.vhd
    Info (12022): Found design unit 1: ReactionGame-Structural File: /home/penacho/LSD/LSD-final-project/SingleProc/Fase1/ReactionGame.vhd Line: 15
    Info (12023): Found entity 1: ReactionGame File: /home/penacho/LSD/LSD-final-project/SingleProc/Fase1/ReactionGame.vhd Line: 4
Info (12021): Found 2 design units, including 1 entities, in source file ReactionGame_Demo.vhd
    Info (12022): Found design unit 1: ReactionGame_Demo-Structural File: /home/penacho/LSD/LSD-final-project/SingleProc/Fase1/ReactionGame_Demo.vhd Line: 18
    Info (12023): Found entity 1: ReactionGame_Demo File: /home/penacho/LSD/LSD-final-project/SingleProc/Fase1/ReactionGame_Demo.vhd Line: 4
Info (12127): Elaborating entity "ReactionGame_Demo" for the top level hierarchy
Warning (10036): Verilog HDL or VHDL warning at ReactionGame_Demo.vhd(24): object "s_state" assigned a value but never read File: /home/penacho/LSD/LSD-final-project/SingleProc/Fase1/ReactionGame_Demo.vhd Line: 24
Info (12129): Elaborating entity "Debouncer" using architecture "A:behavioral" for hierarchy "Debouncer:debounce" File: /home/penacho/LSD/LSD-final-project/SingleProc/Fase1/ReactionGame_Demo.vhd Line: 40
Info (12129): Elaborating entity "ReactionGame" using architecture "A:structural" for hierarchy "ReactionGame:reaction_game" File: /home/penacho/LSD/LSD-final-project/SingleProc/Fase1/ReactionGame_Demo.vhd Line: 53
Info (12129): Elaborating entity "SingleTurnFSM" using architecture "A:behavioral" for hierarchy "ReactionGame:reaction_game|SingleTurnFSM:turn_fsm" File: /home/penacho/LSD/LSD-final-project/SingleProc/Fase1/ReactionGame.vhd Line: 22
Info (12129): Elaborating entity "PulseGen" using architecture "A:behavioral" for hierarchy "ReactionGame:reaction_game|PulseGen:pulse_1000hz" File: /home/penacho/LSD/LSD-final-project/SingleProc/Fase1/ReactionGame.vhd Line: 33
Info (12129): Elaborating entity "CounterNBits" using architecture "A:behavioral" for hierarchy "ReactionGame:reaction_game|CounterNBits:rand_counter" File: /home/penacho/LSD/LSD-final-project/SingleProc/Fase1/ReactionGame.vhd Line: 41
Info (12129): Elaborating entity "CounterNBits" using architecture "A:behavioral" for hierarchy "ReactionGame:reaction_game|CounterNBits:chronometer" File: /home/penacho/LSD/LSD-final-project/SingleProc/Fase1/ReactionGame.vhd Line: 56
Info (12129): Elaborating entity "Bin2BCD" using architecture "A:behavioral" for hierarchy "Bin2BCD:bin2bcd" File: /home/penacho/LSD/LSD-final-project/SingleProc/Fase1/ReactionGame_Demo.vhd Line: 63
Info (12129): Elaborating entity "Bin7SegDecoder" using architecture "A:behavioral" for hierarchy "Bin7SegDecoder:bin7mili" File: /home/penacho/LSD/LSD-final-project/SingleProc/Fase1/ReactionGame_Demo.vhd Line: 73
Info (278001): Inferred 8 megafunctions from design logic
    Info (278004): Inferred divider/modulo megafunction ("lpm_divide") from the following logic: "Bin2BCD:bin2bcd|Mod0" File: /home/penacho/LSD/LSD-final-project/SingleProc/Fase1/Bin2BCD.vhd Line: 21
    Info (278004): Inferred divider/modulo megafunction ("lpm_divide") from the following logic: "Bin2BCD:bin2bcd|Mod1" File: /home/penacho/LSD/LSD-final-project/SingleProc/Fase1/Bin2BCD.vhd Line: 22
    Info (278004): Inferred divider/modulo megafunction ("lpm_divide") from the following logic: "Bin2BCD:bin2bcd|Div0" File: /home/penacho/LSD/LSD-final-project/SingleProc/Fase1/Bin2BCD.vhd Line: 22
    Info (278004): Inferred divider/modulo megafunction ("lpm_divide") from the following logic: "Bin2BCD:bin2bcd|Div1" File: /home/penacho/LSD/LSD-final-project/SingleProc/Fase1/Bin2BCD.vhd Line: 23
    Info (278004): Inferred divider/modulo megafunction ("lpm_divide") from the following logic: "Bin2BCD:bin2bcd|Mod2" File: /home/penacho/LSD/LSD-final-project/SingleProc/Fase1/Bin2BCD.vhd Line: 23
    Info (278004): Inferred divider/modulo megafunction ("lpm_divide") from the following logic: "Bin2BCD:bin2bcd|Div2" File: /home/penacho/LSD/LSD-final-project/SingleProc/Fase1/Bin2BCD.vhd Line: 24
    Info (278004): Inferred divider/modulo megafunction ("lpm_divide") from the following logic: "Bin2BCD:bin2bcd|Mod3" File: /home/penacho/LSD/LSD-final-project/SingleProc/Fase1/Bin2BCD.vhd Line: 24
    Info (278004): Inferred divider/modulo megafunction ("lpm_divide") from the following logic: "Bin2BCD:bin2bcd|Div3" File: /home/penacho/LSD/LSD-final-project/SingleProc/Fase1/Bin2BCD.vhd Line: 25
Info (12130): Elaborated megafunction instantiation "Bin2BCD:bin2bcd|lpm_divide:Mod0" File: /home/penacho/LSD/LSD-final-project/SingleProc/Fase1/Bin2BCD.vhd Line: 21
Info (12133): Instantiated megafunction "Bin2BCD:bin2bcd|lpm_divide:Mod0" with the following parameter: File: /home/penacho/LSD/LSD-final-project/SingleProc/Fase1/Bin2BCD.vhd Line: 21
    Info (12134): Parameter "LPM_WIDTHN" = "16"
    Info (12134): Parameter "LPM_WIDTHD" = "16"
    Info (12134): Parameter "LPM_NREPRESENTATION" = "UNSIGNED"
    Info (12134): Parameter "LPM_DREPRESENTATION" = "UNSIGNED"
Info (12021): Found 1 design units, including 1 entities, in source file db/lpm_divide_ocm.tdf
    Info (12023): Found entity 1: lpm_divide_ocm File: /home/penacho/LSD/LSD-final-project/SingleProc/Fase1/db/lpm_divide_ocm.tdf Line: 25
Info (12021): Found 1 design units, including 1 entities, in source file db/sign_div_unsign_dnh.tdf
    Info (12023): Found entity 1: sign_div_unsign_dnh File: /home/penacho/LSD/LSD-final-project/SingleProc/Fase1/db/sign_div_unsign_dnh.tdf Line: 25
Info (12021): Found 1 design units, including 1 entities, in source file db/alt_u_div_eaf.tdf
    Info (12023): Found entity 1: alt_u_div_eaf File: /home/penacho/LSD/LSD-final-project/SingleProc/Fase1/db/alt_u_div_eaf.tdf Line: 27
Info (12021): Found 1 design units, including 1 entities, in source file db/add_sub_7pc.tdf
    Info (12023): Found entity 1: add_sub_7pc File: /home/penacho/LSD/LSD-final-project/SingleProc/Fase1/db/add_sub_7pc.tdf Line: 23
Info (12021): Found 1 design units, including 1 entities, in source file db/add_sub_8pc.tdf
    Info (12023): Found entity 1: add_sub_8pc File: /home/penacho/LSD/LSD-final-project/SingleProc/Fase1/db/add_sub_8pc.tdf Line: 23
Info (12130): Elaborated megafunction instantiation "Bin2BCD:bin2bcd|lpm_divide:Mod1" File: /home/penacho/LSD/LSD-final-project/SingleProc/Fase1/Bin2BCD.vhd Line: 22
Info (12133): Instantiated megafunction "Bin2BCD:bin2bcd|lpm_divide:Mod1" with the following parameter: File: /home/penacho/LSD/LSD-final-project/SingleProc/Fase1/Bin2BCD.vhd Line: 22
    Info (12134): Parameter "LPM_WIDTHN" = "16"
    Info (12134): Parameter "LPM_WIDTHD" = "16"
    Info (12134): Parameter "LPM_NREPRESENTATION" = "UNSIGNED"
    Info (12134): Parameter "LPM_DREPRESENTATION" = "UNSIGNED"
Info (12130): Elaborated megafunction instantiation "Bin2BCD:bin2bcd|lpm_divide:Div0" File: /home/penacho/LSD/LSD-final-project/SingleProc/Fase1/Bin2BCD.vhd Line: 22
Info (12133): Instantiated megafunction "Bin2BCD:bin2bcd|lpm_divide:Div0" with the following parameter: File: /home/penacho/LSD/LSD-final-project/SingleProc/Fase1/Bin2BCD.vhd Line: 22
    Info (12134): Parameter "LPM_WIDTHN" = "16"
    Info (12134): Parameter "LPM_WIDTHD" = "4"
    Info (12134): Parameter "LPM_NREPRESENTATION" = "UNSIGNED"
    Info (12134): Parameter "LPM_DREPRESENTATION" = "UNSIGNED"
Info (12021): Found 1 design units, including 1 entities, in source file db/lpm_divide_2jm.tdf
    Info (12023): Found entity 1: lpm_divide_2jm File: /home/penacho/LSD/LSD-final-project/SingleProc/Fase1/db/lpm_divide_2jm.tdf Line: 25
Info (12021): Found 1 design units, including 1 entities, in source file db/sign_div_unsign_qlh.tdf
    Info (12023): Found entity 1: sign_div_unsign_qlh File: /home/penacho/LSD/LSD-final-project/SingleProc/Fase1/db/sign_div_unsign_qlh.tdf Line: 25
Info (12021): Found 1 design units, including 1 entities, in source file db/alt_u_div_87f.tdf
    Info (12023): Found entity 1: alt_u_div_87f File: /home/penacho/LSD/LSD-final-project/SingleProc/Fase1/db/alt_u_div_87f.tdf Line: 27
Info (12130): Elaborated megafunction instantiation "Bin2BCD:bin2bcd|lpm_divide:Div1" File: /home/penacho/LSD/LSD-final-project/SingleProc/Fase1/Bin2BCD.vhd Line: 23
Info (12133): Instantiated megafunction "Bin2BCD:bin2bcd|lpm_divide:Div1" with the following parameter: File: /home/penacho/LSD/LSD-final-project/SingleProc/Fase1/Bin2BCD.vhd Line: 23
    Info (12134): Parameter "LPM_WIDTHN" = "16"
    Info (12134): Parameter "LPM_WIDTHD" = "7"
    Info (12134): Parameter "LPM_NREPRESENTATION" = "UNSIGNED"
    Info (12134): Parameter "LPM_DREPRESENTATION" = "UNSIGNED"
Info (12021): Found 1 design units, including 1 entities, in source file db/lpm_divide_5jm.tdf
    Info (12023): Found entity 1: lpm_divide_5jm File: /home/penacho/LSD/LSD-final-project/SingleProc/Fase1/db/lpm_divide_5jm.tdf Line: 25
Info (12021): Found 1 design units, including 1 entities, in source file db/sign_div_unsign_tlh.tdf
    Info (12023): Found entity 1: sign_div_unsign_tlh File: /home/penacho/LSD/LSD-final-project/SingleProc/Fase1/db/sign_div_unsign_tlh.tdf Line: 25
Info (12021): Found 1 design units, including 1 entities, in source file db/alt_u_div_e7f.tdf
    Info (12023): Found entity 1: alt_u_div_e7f File: /home/penacho/LSD/LSD-final-project/SingleProc/Fase1/db/alt_u_div_e7f.tdf Line: 27
Info (12130): Elaborated megafunction instantiation "Bin2BCD:bin2bcd|lpm_divide:Div2" File: /home/penacho/LSD/LSD-final-project/SingleProc/Fase1/Bin2BCD.vhd Line: 24
Info (12133): Instantiated megafunction "Bin2BCD:bin2bcd|lpm_divide:Div2" with the following parameter: File: /home/penacho/LSD/LSD-final-project/SingleProc/Fase1/Bin2BCD.vhd Line: 24
    Info (12134): Parameter "LPM_WIDTHN" = "16"
    Info (12134): Parameter "LPM_WIDTHD" = "10"
    Info (12134): Parameter "LPM_NREPRESENTATION" = "UNSIGNED"
    Info (12134): Parameter "LPM_DREPRESENTATION" = "UNSIGNED"
Info (12021): Found 1 design units, including 1 entities, in source file db/lpm_divide_fkm.tdf
    Info (12023): Found entity 1: lpm_divide_fkm File: /home/penacho/LSD/LSD-final-project/SingleProc/Fase1/db/lpm_divide_fkm.tdf Line: 25
Info (12021): Found 1 design units, including 1 entities, in source file db/sign_div_unsign_7nh.tdf
    Info (12023): Found entity 1: sign_div_unsign_7nh File: /home/penacho/LSD/LSD-final-project/SingleProc/Fase1/db/sign_div_unsign_7nh.tdf Line: 25
Info (12021): Found 1 design units, including 1 entities, in source file db/alt_u_div_2af.tdf
    Info (12023): Found entity 1: alt_u_div_2af File: /home/penacho/LSD/LSD-final-project/SingleProc/Fase1/db/alt_u_div_2af.tdf Line: 27
Info (12130): Elaborated megafunction instantiation "Bin2BCD:bin2bcd|lpm_divide:Div3" File: /home/penacho/LSD/LSD-final-project/SingleProc/Fase1/Bin2BCD.vhd Line: 25
Info (12133): Instantiated megafunction "Bin2BCD:bin2bcd|lpm_divide:Div3" with the following parameter: File: /home/penacho/LSD/LSD-final-project/SingleProc/Fase1/Bin2BCD.vhd Line: 25
    Info (12134): Parameter "LPM_WIDTHN" = "16"
    Info (12134): Parameter "LPM_WIDTHD" = "14"
    Info (12134): Parameter "LPM_NREPRESENTATION" = "UNSIGNED"
    Info (12134): Parameter "LPM_DREPRESENTATION" = "UNSIGNED"
Info (12021): Found 1 design units, including 1 entities, in source file db/lpm_divide_jkm.tdf
    Info (12023): Found entity 1: lpm_divide_jkm File: /home/penacho/LSD/LSD-final-project/SingleProc/Fase1/db/lpm_divide_jkm.tdf Line: 25
Info (12021): Found 1 design units, including 1 entities, in source file db/sign_div_unsign_bnh.tdf
    Info (12023): Found entity 1: sign_div_unsign_bnh File: /home/penacho/LSD/LSD-final-project/SingleProc/Fase1/db/sign_div_unsign_bnh.tdf Line: 25
Info (12021): Found 1 design units, including 1 entities, in source file db/alt_u_div_aaf.tdf
    Info (12023): Found entity 1: alt_u_div_aaf File: /home/penacho/LSD/LSD-final-project/SingleProc/Fase1/db/alt_u_div_aaf.tdf Line: 27
Info (286030): Timing-Driven Synthesis is running
Info (17016): Found the following redundant logic cells in design
    Info (17048): Logic cell "Bin2BCD:bin2bcd|lpm_divide:Mod2|lpm_divide_ocm:auto_generated|sign_div_unsign_dnh:divider|alt_u_div_eaf:divider|add_sub_15_result_int[0]~0" File: /home/penacho/LSD/LSD-final-project/SingleProc/Fase1/db/alt_u_div_eaf.tdf Line: 62
    Info (17048): Logic cell "Bin2BCD:bin2bcd|lpm_divide:Mod2|lpm_divide_ocm:auto_generated|sign_div_unsign_dnh:divider|alt_u_div_eaf:divider|op_14~18"
    Info (17048): Logic cell "Bin2BCD:bin2bcd|lpm_divide:Mod2|lpm_divide_ocm:auto_generated|sign_div_unsign_dnh:divider|alt_u_div_eaf:divider|add_sub_10_result_int[0]~22" File: /home/penacho/LSD/LSD-final-project/SingleProc/Fase1/db/alt_u_div_eaf.tdf Line: 37
    Info (17048): Logic cell "Bin2BCD:bin2bcd|lpm_divide:Mod2|lpm_divide_ocm:auto_generated|sign_div_unsign_dnh:divider|alt_u_div_eaf:divider|add_sub_11_result_int[0]~24" File: /home/penacho/LSD/LSD-final-project/SingleProc/Fase1/db/alt_u_div_eaf.tdf Line: 42
    Info (17048): Logic cell "Bin2BCD:bin2bcd|lpm_divide:Mod2|lpm_divide_ocm:auto_generated|sign_div_unsign_dnh:divider|alt_u_div_eaf:divider|add_sub_12_result_int[0]~26" File: /home/penacho/LSD/LSD-final-project/SingleProc/Fase1/db/alt_u_div_eaf.tdf Line: 47
    Info (17048): Logic cell "Bin2BCD:bin2bcd|lpm_divide:Mod2|lpm_divide_ocm:auto_generated|sign_div_unsign_dnh:divider|alt_u_div_eaf:divider|add_sub_13_result_int[0]~28" File: /home/penacho/LSD/LSD-final-project/SingleProc/Fase1/db/alt_u_div_eaf.tdf Line: 52
    Info (17048): Logic cell "Bin2BCD:bin2bcd|lpm_divide:Mod2|lpm_divide_ocm:auto_generated|sign_div_unsign_dnh:divider|alt_u_div_eaf:divider|add_sub_14_result_int[0]~30" File: /home/penacho/LSD/LSD-final-project/SingleProc/Fase1/db/alt_u_div_eaf.tdf Line: 57
    Info (17048): Logic cell "Bin2BCD:bin2bcd|lpm_divide:Mod3|lpm_divide_ocm:auto_generated|sign_div_unsign_dnh:divider|alt_u_div_eaf:divider|add_sub_15_result_int[0]~0" File: /home/penacho/LSD/LSD-final-project/SingleProc/Fase1/db/alt_u_div_eaf.tdf Line: 62
    Info (17048): Logic cell "Bin2BCD:bin2bcd|lpm_divide:Mod3|lpm_divide_ocm:auto_generated|sign_div_unsign_dnh:divider|alt_u_div_eaf:divider|op_3~18"
    Info (17048): Logic cell "Bin2BCD:bin2bcd|lpm_divide:Mod3|lpm_divide_ocm:auto_generated|sign_div_unsign_dnh:divider|alt_u_div_eaf:divider|op_4~22"
    Info (17048): Logic cell "Bin2BCD:bin2bcd|lpm_divide:Mod3|lpm_divide_ocm:auto_generated|sign_div_unsign_dnh:divider|alt_u_div_eaf:divider|add_sub_14_result_int[0]~30" File: /home/penacho/LSD/LSD-final-project/SingleProc/Fase1/db/alt_u_div_eaf.tdf Line: 57
Info (16010): Generating hard_block partition "hard_block:auto_generated_inst"
    Info (16011): Adding 0 node(s), including 0 DDIO, 0 PLL, 0 transceiver and 0 LCELL
Info (21057): Implemented 2055 device resources after synthesis - the final resource count might be different
    Info (21058): Implemented 3 input pins
    Info (21059): Implemented 43 output pins
    Info (21061): Implemented 2009 logic cells
Info: Quartus Prime Analysis & Synthesis was successful. 0 errors, 2 warnings
    Info: Peak virtual memory: 476 megabytes
    Info: Processing ended: Sun May 26 17:10:49 2024
    Info: Elapsed time: 00:00:11
    Info: Total CPU time (on all processors): 00:00:20


